#
# A fatal error has been detected by the Java Runtime Environment:
#
#  EXCEPTION_ACCESS_VIOLATION (0xc0000005) at pc=0x000001ac5b9bcee3, pid=7080, tid=8476
#
# JRE version: OpenJDK Runtime Environment (11.0.8+10) (build 11.0.8+10-b944.6842174)
# Java VM: OpenJDK 64-Bit Server VM (11.0.8+10-b944.6842174, mixed mode, tiered, compressed oops, g1 gc, windows-amd64)
# Problematic frame:
# j  com.android.build.gradle.internal.profile.ProfileAwareWorkAction$Parameters.initializeFromAndroidVariantTask(Lcom/android/build/gradle/internal/tasks/AndroidVariantTask;)V+12
#
# No core dump will be written. Minidumps are not enabled by default on client versions of Windows
#
# If you would like to submit a bug report, please visit:
#   https://bugreport.java.com/bugreport/crash.jsp
#

---------------  S U M M A R Y ------------

Command Line: --add-opens=java.base/java.util=ALL-UNNAMED --add-opens=java.base/java.lang=ALL-UNNAMED --add-opens=java.base/java.lang.invoke=ALL-UNNAMED --add-opens=java.prefs/java.util.prefs=ALL-UNNAMED -Xmx2048m -Dfile.encoding=UTF-8 -Duser.country=FR -Duser.language=fr -Duser.variant org.gradle.launcher.daemon.bootstrap.GradleDaemon 6.7.1

Host: Intel(R) Core(TM) i7-4700HQ CPU @ 2.40GHz, 8 cores, 7G,  Windows 10 , 64 bit Build 19041 (10.0.19041.928)
Time: Thu May 20 22:20:30 2021 Maroc elapsed time: 12916 seconds (0d 3h 35m 16s)

---------------  T H R E A D  ---------------

Current thread (0x000001ac784e6800):  JavaThread "Execution worker for ':' Thread 4" [_thread_in_Java, id=8476, stack(0x000000a918500000,0x000000a918600000)]

Stack: [0x000000a918500000,0x000000a918600000],  sp=0x000000a9185fb498,  free space=1005k
Native frames: (J=compiled Java code, j=interpreted, Vv=VM code, C=native code)
C  0x000001ac5b9bcee3


siginfo: EXCEPTION_ACCESS_VIOLATION (0xc0000005), reading address 0x000000075351a340


Register to memory mapping:

RIP=0x000001ac5b9bcee3 is at code_begin+899 in an Interpreter codelet
invokevirtual  182 invokevirtual  [0x000001ac5b9bcb60, 0x000001ac5b9bd040]  1248 bytes
RAX=0x00000001009d2238 is a pointer to class: 
com.android.build.gradle.internal.tasks.DexMergingTask_Decorated {0x00000001009d2240}
RBX=
[error occurred during error reporting (printing register info), id 0xc0000005, EXCEPTION_ACCESS_VIOLATION (0xc0000005) at pc=0x00007ffe6fe77297]

Registers:
RAX=0x00000001009d2238, RBX=0x00000000ca568fe7, RCX=0x0000000082beb4a0, RDX=0x0000000080000001
RSP=0x000000a9185fb498, RBP=0x000000a9185fb500, RSI=0x00000000894afa30, RDI=0x0000000000000150
R8 =0x00000000818373d0, R9 =0x0000000084e7c808, R10=0x00007ffe705a2bf0, R11=0x000001ac63756b20
R12=0x0000000000000000, R13=0x000001ac7e162764, R14=0x0000000000000000, R15=0x000001ac784e6800
RIP=0x000001ac5b9bcee3, EFLAGS=0x0000000000010246

Top of Stack: (sp=0x000000a9185fb498)
0x000000a9185fb498:   000001ac5b9a9ac0 0000000082beb4a0
0x000000a9185fb4a8:   0000000084e66b00 00000000894afab0
0x000000a9185fb4b8:   000000a9185fb4b8 000001ac7e162764
0x000000a9185fb4c8:   000000a9185fb518 000001ac01a7d2d8
0x000000a9185fb4d8:   0000000000000000 000000008296c570
0x000000a9185fb4e8:   000001ac7e162798 0000000000000000
0x000000a9185fb4f8:   000000a9185fb510 000000a9185fb568
0x000000a9185fb508:   000001ac5b9a9d43 0000000082beb4a0
0x000000a9185fb518:   00000000894afab0 000000a9185fb520
0x000000a9185fb528:   000001ac0217d1b8 000000a9185fb580
0x000000a9185fb538:   000001ac0217d400 0000000000000000
0x000000a9185fb548:   0000000084b71798 000001ac0217d220
0x000000a9185fb558:   000000a9185fb510 000000a9185fb578
0x000000a9185fb568:   000000a9185fb5d0 000001ac5b9a9d43
0x000000a9185fb578:   00000000894afab0 00000000894aee30
0x000000a9185fb588:   000000a9185fb588 000001ac0217d115 

Instructions: (pc=0x000001ac5b9bcee3)
0x000001ac5b9bcde3:   00 00 00 75 2f 48 81 78 08 00 00 00 00 74 21 48
0x000001ac5b9bcdf3:   81 78 08 01 00 00 00 74 17 4c 33 68 08 49 f7 c5
0x000001ac5b9bce03:   fc ff ff ff 74 0e 48 81 48 08 02 00 00 00 eb 04
0x000001ac5b9bce13:   4c 89 68 08 48 83 c0 10 4c 8b 68 d8 41 83 ed 04
0x000001ac5b9bce23:   41 c1 e5 03 49 03 c5 48 89 45 d8 4c 8d 6c 24 08
0x000001ac5b9bce33:   4c 89 6d f0 ff 63 48 8b 41 08 48 c1 e0 03 4c 8b
0x000001ac5b9bce43:   75 d8 4d 85 f6 0f 84 95 00 00 00 49 8b 56 18 48
0x000001ac5b9bce53:   3b d0 0f 85 0f 00 00 00 49 83 46 20 01 49 83 5e
0x000001ac5b9bce63:   20 00 e9 71 00 00 00 48 85 d2 0f 84 42 00 00 00
0x000001ac5b9bce73:   49 8b 56 28 48 3b d0 0f 85 0f 00 00 00 49 83 46
0x000001ac5b9bce83:   30 01 49 83 5e 30 00 e9 4c 00 00 00 48 85 d2 74
0x000001ac5b9bce93:   0f 49 83 46 08 01 49 83 5e 08 00 e9 38 00 00 00
0x000001ac5b9bcea3:   49 89 46 28 ba 01 00 00 00 49 89 56 30 e9 26 00
0x000001ac5b9bceb3:   00 00 49 3b 46 28 0f 85 0f 00 00 00 49 83 46 30
0x000001ac5b9bcec3:   01 49 83 5e 30 00 e9 0d 00 00 00 49 89 46 18 ba
0x000001ac5b9bced3:   01 00 00 00 49 89 56 20 49 83 c6 38 4c 89 75 d8
0x000001ac5b9bcee3:   48 8b 9c d8 d0 01 00 00 48 8b 55 d8 48 85 d2 0f
0x000001ac5b9bcef3:   84 2f 01 00 00 80 7a c8 0b 0f 85 25 01 00 00 48
0x000001ac5b9bcf03:   83 c2 08 4c 8b 6a f8 41 83 ed 00 41 83 fd 02 0f
0x000001ac5b9bcf13:   8c 04 01 00 00 4c 8b 6b 08 45 0f b7 6d 34 4c 2b
0x000001ac5b9bcf23:   2a 41 83 ed 01 4e 8b 6c ec 08 4d 85 ed 75 0a 48
0x000001ac5b9bcf33:   81 4a 08 01 00 00 00 eb 4d 45 8b 6d 08 49 c1 e5
0x000001ac5b9bcf43:   03 4c 33 6a 08 49 f7 c5 fc ff ff ff 74 38 49 f7
0x000001ac5b9bcf53:   c5 02 00 00 00 75 2f 48 81 7a 08 00 00 00 00 74
0x000001ac5b9bcf63:   21 48 81 7a 08 01 00 00 00 74 17 4c 33 6a 08 49
0x000001ac5b9bcf73:   f7 c5 fc ff ff ff 74 0e 48 81 4a 08 02 00 00 00
0x000001ac5b9bcf83:   eb 04 4c 89 6a 08 48 83 c2 10 4c 8b 6a e8 41 83
0x000001ac5b9bcf93:   ed 02 41 83 fd 02 0f 8c 7d 00 00 00 4c 8b 6b 08
0x000001ac5b9bcfa3:   45 0f b7 6d 34 4c 2b 2a 41 83 ed 01 4e 8b 6c ec
0x000001ac5b9bcfb3:   08 4d 85 ed 75 0a 48 81 4a 08 01 00 00 00 eb 4d
0x000001ac5b9bcfc3:   45 8b 6d 08 49 c1 e5 03 4c 33 6a 08 49 f7 c5 fc
0x000001ac5b9bcfd3:   ff ff ff 74 38 49 f7 c5 02 00 00 00 75 2f 48 81 


Stack slot to memory mapping:
stack at sp + 0 slots: 0x000001ac5b9a9ac0 is at code_begin+1664 in an Interpreter codelet
invoke return entry points  [0x000001ac5b9a9440, 0x000001ac5b9a9e20]  2528 bytes
stack at sp + 1 slots: 0x0000000082beb4a0 is an oop: com.android.build.gradle.internal.tasks.DexMergingTask_Decorated 
{0x0000000082beb4a0} - klass: 'com/android/build/gradle/internal/tasks/DexMergingTask_Decorated'
stack at sp + 2 slots: 0x0000000084e66b00 is an oop: java.lang.String 
{0x0000000084e66b00} - klass: 'java/lang/String'
stack at sp + 3 slots: 0x00000000894afab0 is an oop: com.android.build.gradle.internal.tasks.DexMergingTaskDelegate$Params_Decorated 
{0x00000000894afab0} - klass: 'com/android/build/gradle/internal/tasks/DexMergingTaskDelegate$Params_Decorated'
stack at sp + 4 slots: 0x000000a9185fb4b8 is pointing into the stack for thread: 0x000001ac784e6800
stack at sp + 5 slots: 0x000001ac7e162764 is pointing into metadata
stack at sp + 6 slots: 0x000000a9185fb518 is pointing into the stack for thread: 0x000001ac784e6800
stack at sp + 7 slots: 0x000001ac01a7d2d8 is pointing into metadata

invokevirtual  182 invokevirtual  [0x000001ac5b9bcb60, 0x000001ac5b9bd040]  1248 bytes

---------------  P R O C E S S  ---------------

Threads class SMR info:
_java_thread_list=0x000001ac7d1a12a0, length=162, elements={
0x000001ac5801b800, 0x000001ac72aee800, 0x000001ac72af0000, 0x000001ac734a2800,
0x000001ac72b07800, 0x000001ac72b09000, 0x000001ac72b13000, 0x000001ac72b15000,
0x000001ac73604800, 0x000001ac7360c800, 0x000001ac75a73800, 0x000001ac74cf4000,
0x000001ac74f03800, 0x000001ac73ee7000, 0x000001ac73eed800, 0x000001ac73ee8000,
0x000001ac73eea800, 0x000001ac784e9000, 0x000001ac75a7d000, 0x000001ac7b124800,
0x000001ac7b391800, 0x000001ac7b38e000, 0x000001ac7b394800, 0x000001ac7b38f000,
0x000001ac7b392000, 0x000001ac7b395800, 0x000001ac7b390800, 0x000001ac7b38f800,
0x000001ac7b397000, 0x000001ac7b393800, 0x000001ac7b396000, 0x000001ac7b398000,
0x000001ac7b398800, 0x000001ac7b39c800, 0x000001ac7b39a000, 0x000001ac7b39c000,
0x000001ac7b39d800, 0x000001ac7b39e800, 0x000001ac7b39f000, 0x000001ac7b399800,
0x000001ac7b3a0000, 0x000001ac7b3a1000, 0x000001ac7b39b000, 0x000001ac7b3a2800,
0x000001ac7b3a6800, 0x000001ac7b3a5000, 0x000001ac7b3a7800, 0x000001ac7b3a1800,
0x000001ac7b3a3000, 0x000001ac7b3a4000, 0x000001ac7b3ab800, 0x000001ac7b3a8000,
0x000001ac7b3a9800, 0x000001ac7b3a5800, 0x000001ac7b3a9000, 0x000001ac7b3aa800,
0x000001ac7b3ac000, 0x000001ac7b3ad000, 0x000001ac7cce0000, 0x000001ac7cce5000,
0x000001ac7cce1800, 0x000001ac7cce5800, 0x000001ac7cce3000, 0x000001ac7cce6800,
0x000001ac7cce0800, 0x000001ac7cce4000, 0x000001ac7cce7800, 0x000001ac7cce8000,
0x000001ac7cce2800, 0x000001ac7ccee000, 0x000001ac7cce9000, 0x000001ac7cce9800,
0x000001ac7ccea800, 0x000001ac7ccec000, 0x000001ac7cceb800, 0x000001ac7cced000,
0x000001ac75934800, 0x000001ac75937000, 0x000001ac75939800, 0x000001ac7593a800,
0x000001ac75938000, 0x000001ac7593b000, 0x000001ac75935800, 0x000001ac75938800,
0x000001ac7593c000, 0x000001ac75936000, 0x000001ac7593d800, 0x000001ac7593f000,
0x000001ac7593e800, 0x000001ac75941000, 0x000001ac75941800, 0x000001ac75942800,
0x000001ac7593d000, 0x000001ac75943800, 0x000001ac7b234000, 0x000001ac7b230000,
0x000001ac7b230800, 0x000001ac7b233000, 0x000001ac7b232000, 0x000001ac7b234800,
0x000001ac7b237000, 0x000001ac7b231800, 0x000001ac7b238000, 0x000001ac7b23b000,
0x000001ac7b238800, 0x000001ac7b235800, 0x000001ac7b23c000, 0x000001ac7b236800,
0x000001ac7b23d000, 0x000001ac7b23d800, 0x000001ac7b23e800, 0x000001ac7b125800,
0x000001ac7b123000, 0x000001ac7b121800, 0x000001ac7b124000, 0x000001ac7b120800,
0x000001ac7b122000, 0x000001ac7b127000, 0x000001ac7b129800, 0x000001ac7b12c000,
0x000001ac7b12b000, 0x000001ac7b126000, 0x000001ac7b128000, 0x000001ac7b128800,
0x000001ac7b12d000, 0x000001ac7b12e800, 0x000001ac7b12a800, 0x000001ac7b12d800,
0x000001ac75a79000, 0x000001ac75a7a000, 0x000001ac75a74000, 0x000001ac75a76800,
0x000001ac75a7a800, 0x000001ac75a78800, 0x000001ac75a75000, 0x000001ac75a77800,
0x000001ac75a7f000, 0x000001ac75a7f800, 0x000001ac75a80800, 0x000001ac75a81800,
0x000001ac75a7b800, 0x000001ac75a82000, 0x000001ac75a7c800, 0x000001ac75a83000,
0x000001ac784ea000, 0x000001ac784ec800, 0x000001ac784e6800, 0x000001ac784f1000,
0x000001ac784f3000, 0x000001ac784ee000, 0x000001ac784ef000, 0x000001ac784f2000,
0x000001ac784f0800, 0x000001ac784ed000, 0x000001ac784f3800, 0x000001ac784f5800,
0x000001ac784ef800, 0x000001ac784f4800, 0x000001ac73ee9000, 0x000001ac73ee9800,
0x000001ac73eeb800, 0x000001ac73eec000
}

Java Threads: ( => current thread )
  0x000001ac5801b800 JavaThread "main" [_thread_blocked, id=3780, stack(0x000000a90e600000,0x000000a90e700000)]
  0x000001ac72aee800 JavaThread "Reference Handler" daemon [_thread_blocked, id=1160, stack(0x000000a90ed00000,0x000000a90ee00000)]
  0x000001ac72af0000 JavaThread "Finalizer" daemon [_thread_blocked, id=7820, stack(0x000000a90ee00000,0x000000a90ef00000)]
  0x000001ac734a2800 JavaThread "Signal Dispatcher" daemon [_thread_blocked, id=9844, stack(0x000000a90ef00000,0x000000a90f000000)]
  0x000001ac72b07800 JavaThread "Attach Listener" daemon [_thread_blocked, id=6780, stack(0x000000a90f000000,0x000000a90f100000)]
  0x000001ac72b09000 JavaThread "C2 CompilerThread0" daemon [_thread_blocked, id=7028, stack(0x000000a90f100000,0x000000a90f200000)]
  0x000001ac72b13000 JavaThread "C1 CompilerThread0" daemon [_thread_blocked, id=7672, stack(0x000000a90f200000,0x000000a90f300000)]
  0x000001ac72b15000 JavaThread "Sweeper thread" daemon [_thread_blocked, id=10888, stack(0x000000a90f300000,0x000000a90f400000)]
  0x000001ac73604800 JavaThread "Common-Cleaner" daemon [_thread_blocked, id=3560, stack(0x000000a90f400000,0x000000a90f500000)]
  0x000001ac7360c800 JavaThread "Service Thread" daemon [_thread_blocked, id=6844, stack(0x000000a90f500000,0x000000a90f600000)]
  0x000001ac75a73800 JavaThread "Daemon health stats" [_thread_blocked, id=6972, stack(0x000000a90fb00000,0x000000a90fc00000)]
  0x000001ac74cf4000 JavaThread "Incoming local TCP Connector on port 58187" [_thread_in_native, id=6052, stack(0x000000a90fc00000,0x000000a90fd00000)]
  0x000001ac74f03800 JavaThread "Daemon periodic checks" [_thread_blocked, id=11396, stack(0x000000a90fd00000,0x000000a90fe00000)]
  0x000001ac73ee7000 JavaThread "Cache worker for file hash cache (C:\Users\Bilal\.gradle\caches\6.7.1\fileHashes)" [_thread_blocked, id=9012, stack(0x000000a910a00000,0x000000a910b00000)]
  0x000001ac73eed800 JavaThread "File lock request listener" [_thread_in_native, id=7140, stack(0x000000a910b00000,0x000000a910c00000)]
  0x000001ac73ee8000 JavaThread "Cache worker for journal cache (C:\Users\Bilal\.gradle\caches\journal-1)" [_thread_blocked, id=11636, stack(0x000000a910d00000,0x000000a910e00000)]
  0x000001ac73eea800 JavaThread "Cache worker for execution history cache (C:\Users\Bilal\.gradle\caches\6.7.1\executionHistory)" [_thread_blocked, id=7496, stack(0x000000a911400000,0x000000a911500000)]
  0x000001ac784e9000 JavaThread "Cache worker for file content cache (C:\Users\Bilal\.gradle\caches\6.7.1\fileContent)" [_thread_blocked, id=3972, stack(0x000000a911500000,0x000000a911600000)]
  0x000001ac75a7d000 JavaThread "Memory manager" [_thread_blocked, id=6324, stack(0x000000a918200000,0x000000a918300000)]
  0x000001ac7b124800 JavaThread "Cache worker for Java compile cache (C:\Users\Bilal\.gradle\caches\6.7.1\javaCompile)" [_thread_blocked, id=1344, stack(0x000000a918d00000,0x000000a918e00000)]
  0x000001ac7b391800 JavaThread "ForkJoinPool.commonPool-worker-3" daemon [_thread_blocked, id=8112, stack(0x000000a919b00000,0x000000a919c00000)]
  0x000001ac7b38e000 JavaThread "Daemon Thread 6" [_thread_blocked, id=7312, stack(0x000000a90e500000,0x000000a90e600000)]
  0x000001ac7b394800 JavaThread "Handler for socket connection from /127.0.0.1:58187 to /127.0.0.1:58953" [_thread_in_native, id=4068, stack(0x000000a90f700000,0x000000a90f800000)]
  0x000001ac7b38f000 JavaThread "Cancel handler" [_thread_blocked, id=11792, stack(0x000000a90fa00000,0x000000a90fb00000)]
  0x000001ac7b392000 JavaThread "Daemon worker Thread 6" [_thread_blocked, id=372, stack(0x000000a90fe00000,0x000000a90ff00000)]
  0x000001ac7b395800 JavaThread "Asynchronous log dispatcher for DefaultDaemonConnection: socket connection from /127.0.0.1:58187 to /127.0.0.1:58953" [_thread_blocked, id=3016, stack(0x000000a90ff00000,0x000000a910000000)]
  0x000001ac7b390800 JavaThread "Stdin handler" [_thread_blocked, id=5892, stack(0x000000a910000000,0x000000a910100000)]
  0x000001ac7b38f800 JavaThread "Thread-707" [_thread_blocked, id=12656, stack(0x000000a910100000,0x000000a910200000)]
  0x000001ac7b397000 JavaThread "Cache worker for file hash cache (C:\Android\Posologiemdicaments\.gradle\6.7.1\fileHashes)" [_thread_blocked, id=7968, stack(0x000000a910200000,0x000000a910300000)]
  0x000001ac7b393800 JavaThread "Cache worker for checksums cache (C:\Android\Posologiemdicaments\.gradle\checksums)" [_thread_blocked, id=8116, stack(0x000000a910300000,0x000000a910400000)]
  0x000001ac7b396000 JavaThread "Cache worker for cache directory md-supplier (C:\Users\Bilal\.gradle\caches\6.7.1\md-supplier)" [_thread_blocked, id=10848, stack(0x000000a910400000,0x000000a910500000)]
  0x000001ac7b398000 JavaThread "Cache worker for cache directory md-rule (C:\Users\Bilal\.gradle\caches\6.7.1\md-rule)" [_thread_blocked, id=1068, stack(0x000000a910e00000,0x000000a910f00000)]
  0x000001ac7b398800 JavaThread "C2 CompilerThread1" daemon [_thread_blocked, id=9172, stack(0x000000a910f00000,0x000000a911000000)]
  0x000001ac7b39c800 JavaThread "Cache worker for Build Output Cleanup Cache (C:\Android\Posologiemdicaments\.gradle\buildOutputCleanup)" [_thread_blocked, id=9252, stack(0x000000a911100000,0x000000a911200000)]
  0x000001ac7b39a000 JavaThread "Build operations" [_thread_blocked, id=2472, stack(0x000000a911200000,0x000000a911300000)]
  0x000001ac7b39c000 JavaThread "Build operations Thread 2" [_thread_blocked, id=7376, stack(0x000000a911300000,0x000000a911400000)]
  0x000001ac7b39d800 JavaThread "Build operations Thread 3" [_thread_blocked, id=12264, stack(0x000000a911600000,0x000000a911700000)]
  0x000001ac7b39e800 JavaThread "Build operations Thread 4" [_thread_blocked, id=12588, stack(0x000000a911700000,0x000000a911800000)]
  0x000001ac7b39f000 JavaThread "Build operations Thread 5" [_thread_blocked, id=4112, stack(0x000000a911800000,0x000000a911900000)]
  0x000001ac7b399800 JavaThread "Build operations Thread 6" [_thread_blocked, id=12716, stack(0x000000a911900000,0x000000a911a00000)]
  0x000001ac7b3a0000 JavaThread "Build operations Thread 7" [_thread_blocked, id=4192, stack(0x000000a911a00000,0x000000a911b00000)]
  0x000001ac7b3a1000 JavaThread "Build operations Thread 8" [_thread_blocked, id=8292, stack(0x000000a911b00000,0x000000a911c00000)]
  0x000001ac7b39b000 JavaThread "jar transforms Thread 496" [_thread_blocked, id=12204, stack(0x000000a911c00000,0x000000a911d00000)]
  0x000001ac7b3a2800 JavaThread "jar transforms Thread 497" [_thread_blocked, id=12328, stack(0x000000a911d00000,0x000000a911e00000)]
  0x000001ac7b3a6800 JavaThread "jar transforms Thread 498" [_thread_blocked, id=12592, stack(0x000000a911e00000,0x000000a911f00000)]
  0x000001ac7b3a5000 JavaThread "jar transforms Thread 499" [_thread_blocked, id=6908, stack(0x000000a911f00000,0x000000a912000000)]
  0x000001ac7b3a7800 JavaThread "jar transforms Thread 500" [_thread_blocked, id=1892, stack(0x000000a912000000,0x000000a912100000)]
  0x000001ac7b3a1800 JavaThread "jar transforms Thread 501" [_thread_blocked, id=8852, stack(0x000000a912100000,0x000000a912200000)]
  0x000001ac7b3a3000 JavaThread "jar transforms Thread 502" [_thread_blocked, id=9832, stack(0x000000a912200000,0x000000a912300000)]
  0x000001ac7b3a4000 JavaThread "jar transforms Thread 503" [_thread_blocked, id=8992, stack(0x000000a912300000,0x000000a912400000)]
  0x000001ac7b3ab800 JavaThread "jar transforms Thread 504" [_thread_blocked, id=3572, stack(0x000000a912400000,0x000000a912500000)]
  0x000001ac7b3a8000 JavaThread "jar transforms Thread 505" [_thread_blocked, id=10824, stack(0x000000a912500000,0x000000a912600000)]
  0x000001ac7b3a9800 JavaThread "jar transforms Thread 506" [_thread_blocked, id=1060, stack(0x000000a912600000,0x000000a912700000)]
  0x000001ac7b3a5800 JavaThread "jar transforms Thread 507" [_thread_blocked, id=8872, stack(0x000000a912700000,0x000000a912800000)]
  0x000001ac7b3a9000 JavaThread "jar transforms Thread 508" [_thread_blocked, id=6304, stack(0x000000a912800000,0x000000a912900000)]
  0x000001ac7b3aa800 JavaThread "jar transforms Thread 509" [_thread_blocked, id=12324, stack(0x000000a912900000,0x000000a912a00000)]
  0x000001ac7b3ac000 JavaThread "jar transforms Thread 510" [_thread_blocked, id=10284, stack(0x000000a912a00000,0x000000a912b00000)]
  0x000001ac7b3ad000 JavaThread "jar transforms Thread 511" [_thread_blocked, id=10248, stack(0x000000a912b00000,0x000000a912c00000)]
  0x000001ac7cce0000 JavaThread "jar transforms Thread 512" [_thread_blocked, id=9308, stack(0x000000a912c00000,0x000000a912d00000)]
  0x000001ac7cce5000 JavaThread "jar transforms Thread 513" [_thread_blocked, id=7960, stack(0x000000a912d00000,0x000000a912e00000)]
  0x000001ac7cce1800 JavaThread "jar transforms Thread 514" [_thread_blocked, id=13096, stack(0x000000a912e00000,0x000000a912f00000)]
  0x000001ac7cce5800 JavaThread "jar transforms Thread 515" [_thread_blocked, id=616, stack(0x000000a912f00000,0x000000a913000000)]
  0x000001ac7cce3000 JavaThread "jar transforms Thread 516" [_thread_blocked, id=9196, stack(0x000000a913000000,0x000000a913100000)]
  0x000001ac7cce6800 JavaThread "jar transforms Thread 517" [_thread_blocked, id=13088, stack(0x000000a913100000,0x000000a913200000)]
  0x000001ac7cce0800 JavaThread "jar transforms Thread 518" [_thread_blocked, id=7256, stack(0x000000a913200000,0x000000a913300000)]
  0x000001ac7cce4000 JavaThread "jar transforms Thread 519" [_thread_blocked, id=13132, stack(0x000000a913300000,0x000000a913400000)]
  0x000001ac7cce7800 JavaThread "jar transforms Thread 520" [_thread_blocked, id=2820, stack(0x000000a913400000,0x000000a913500000)]
  0x000001ac7cce8000 JavaThread "jar transforms Thread 521" [_thread_blocked, id=7852, stack(0x000000a913500000,0x000000a913600000)]
  0x000001ac7cce2800 JavaThread "jar transforms Thread 522" [_thread_blocked, id=12436, stack(0x000000a913600000,0x000000a913700000)]
  0x000001ac7ccee000 JavaThread "jar transforms Thread 523" [_thread_blocked, id=7428, stack(0x000000a913700000,0x000000a913800000)]
  0x000001ac7cce9000 JavaThread "jar transforms Thread 524" [_thread_blocked, id=12752, stack(0x000000a913800000,0x000000a913900000)]
  0x000001ac7cce9800 JavaThread "jar transforms Thread 525" [_thread_blocked, id=11932, stack(0x000000a913900000,0x000000a913a00000)]
  0x000001ac7ccea800 JavaThread "jar transforms Thread 526" [_thread_blocked, id=13080, stack(0x000000a913a00000,0x000000a913b00000)]
  0x000001ac7ccec000 JavaThread "jar transforms Thread 527" [_thread_blocked, id=12936, stack(0x000000a913b00000,0x000000a913c00000)]
  0x000001ac7cceb800 JavaThread "jar transforms Thread 528" [_thread_blocked, id=1816, stack(0x000000a913c00000,0x000000a913d00000)]
  0x000001ac7cced000 JavaThread "jar transforms Thread 529" [_thread_blocked, id=7760, stack(0x000000a913d00000,0x000000a913e00000)]
  0x000001ac75934800 JavaThread "jar transforms Thread 530" [_thread_blocked, id=6024, stack(0x000000a913e00000,0x000000a913f00000)]
  0x000001ac75937000 JavaThread "jar transforms Thread 531" [_thread_blocked, id=7100, stack(0x000000a913f00000,0x000000a914000000)]
  0x000001ac75939800 JavaThread "jar transforms Thread 532" [_thread_blocked, id=13260, stack(0x000000a914000000,0x000000a914100000)]
  0x000001ac7593a800 JavaThread "jar transforms Thread 533" [_thread_blocked, id=8480, stack(0x000000a914100000,0x000000a914200000)]
  0x000001ac75938000 JavaThread "jar transforms Thread 534" [_thread_blocked, id=8888, stack(0x000000a914200000,0x000000a914300000)]
  0x000001ac7593b000 JavaThread "jar transforms Thread 535" [_thread_blocked, id=2964, stack(0x000000a914300000,0x000000a914400000)]
  0x000001ac75935800 JavaThread "jar transforms Thread 536" [_thread_blocked, id=3480, stack(0x000000a914400000,0x000000a914500000)]
  0x000001ac75938800 JavaThread "jar transforms Thread 537" [_thread_blocked, id=10584, stack(0x000000a914500000,0x000000a914600000)]
  0x000001ac7593c000 JavaThread "jar transforms Thread 538" [_thread_blocked, id=12540, stack(0x000000a914600000,0x000000a914700000)]
  0x000001ac75936000 JavaThread "jar transforms Thread 539" [_thread_blocked, id=8692, stack(0x000000a914700000,0x000000a914800000)]
  0x000001ac7593d800 JavaThread "jar transforms Thread 540" [_thread_blocked, id=6920, stack(0x000000a914800000,0x000000a914900000)]
  0x000001ac7593f000 JavaThread "jar transforms Thread 541" [_thread_blocked, id=11020, stack(0x000000a914900000,0x000000a914a00000)]
  0x000001ac7593e800 JavaThread "jar transforms Thread 542" [_thread_blocked, id=3420, stack(0x000000a914a00000,0x000000a914b00000)]
  0x000001ac75941000 JavaThread "jar transforms Thread 543" [_thread_blocked, id=3164, stack(0x000000a914b00000,0x000000a914c00000)]
  0x000001ac75941800 JavaThread "jar transforms Thread 544" [_thread_blocked, id=2432, stack(0x000000a914c00000,0x000000a914d00000)]
  0x000001ac75942800 JavaThread "jar transforms Thread 545" [_thread_blocked, id=10832, stack(0x000000a914d00000,0x000000a914e00000)]
  0x000001ac7593d000 JavaThread "jar transforms Thread 546" [_thread_blocked, id=8956, stack(0x000000a914e00000,0x000000a914f00000)]
  0x000001ac75943800 JavaThread "jar transforms Thread 547" [_thread_blocked, id=8164, stack(0x000000a914f00000,0x000000a915000000)]
  0x000001ac7b234000 JavaThread "jar transforms Thread 548" [_thread_blocked, id=11344, stack(0x000000a915000000,0x000000a915100000)]
  0x000001ac7b230000 JavaThread "jar transforms Thread 549" [_thread_blocked, id=9164, stack(0x000000a915100000,0x000000a915200000)]
  0x000001ac7b230800 JavaThread "jar transforms Thread 550" [_thread_blocked, id=12748, stack(0x000000a915200000,0x000000a915300000)]
  0x000001ac7b233000 JavaThread "jar transforms Thread 551" [_thread_blocked, id=4624, stack(0x000000a915300000,0x000000a915400000)]
  0x000001ac7b232000 JavaThread "jar transforms Thread 552" [_thread_blocked, id=11576, stack(0x000000a915400000,0x000000a915500000)]
  0x000001ac7b234800 JavaThread "jar transforms Thread 553" [_thread_blocked, id=2552, stack(0x000000a915500000,0x000000a915600000)]
  0x000001ac7b237000 JavaThread "jar transforms Thread 554" [_thread_blocked, id=1568, stack(0x000000a915600000,0x000000a915700000)]
  0x000001ac7b231800 JavaThread "jar transforms Thread 555" [_thread_blocked, id=12452, stack(0x000000a915700000,0x000000a915800000)]
  0x000001ac7b238000 JavaThread "jar transforms Thread 556" [_thread_blocked, id=3372, stack(0x000000a915800000,0x000000a915900000)]
  0x000001ac7b23b000 JavaThread "jar transforms Thread 557" [_thread_blocked, id=2496, stack(0x000000a915900000,0x000000a915a00000)]
  0x000001ac7b238800 JavaThread "jar transforms Thread 558" [_thread_blocked, id=2492, stack(0x000000a915a00000,0x000000a915b00000)]
  0x000001ac7b235800 JavaThread "jar transforms Thread 559" [_thread_blocked, id=3876, stack(0x000000a915b00000,0x000000a915c00000)]
  0x000001ac7b23c000 JavaThread "jar transforms Thread 560" [_thread_blocked, id=4044, stack(0x000000a915c00000,0x000000a915d00000)]
  0x000001ac7b236800 JavaThread "jar transforms Thread 561" [_thread_blocked, id=3388, stack(0x000000a915d00000,0x000000a915e00000)]
  0x000001ac7b23d000 JavaThread "jar transforms Thread 562" [_thread_blocked, id=3124, stack(0x000000a915e00000,0x000000a915f00000)]
  0x000001ac7b23d800 JavaThread "jar transforms Thread 563" [_thread_blocked, id=3472, stack(0x000000a915f00000,0x000000a916000000)]
  0x000001ac7b23e800 JavaThread "jar transforms Thread 564" [_thread_blocked, id=4040, stack(0x000000a916000000,0x000000a916100000)]
  0x000001ac7b125800 JavaThread "jar transforms Thread 565" [_thread_blocked, id=3260, stack(0x000000a916100000,0x000000a916200000)]
  0x000001ac7b123000 JavaThread "jar transforms Thread 566" [_thread_blocked, id=2880, stack(0x000000a916200000,0x000000a916300000)]
  0x000001ac7b121800 JavaThread "jar transforms Thread 567" [_thread_blocked, id=2816, stack(0x000000a916300000,0x000000a916400000)]
  0x000001ac7b124000 JavaThread "jar transforms Thread 568" [_thread_blocked, id=2812, stack(0x000000a916400000,0x000000a916500000)]
  0x000001ac7b120800 JavaThread "jar transforms Thread 569" [_thread_blocked, id=2752, stack(0x000000a916500000,0x000000a916600000)]
  0x000001ac7b122000 JavaThread "jar transforms Thread 570" [_thread_blocked, id=2792, stack(0x000000a916600000,0x000000a916700000)]
  0x000001ac7b127000 JavaThread "jar transforms Thread 571" [_thread_blocked, id=2804, stack(0x000000a916700000,0x000000a916800000)]
  0x000001ac7b129800 JavaThread "jar transforms Thread 572" [_thread_blocked, id=2840, stack(0x000000a916800000,0x000000a916900000)]
  0x000001ac7b12c000 JavaThread "jar transforms Thread 573" [_thread_blocked, id=4316, stack(0x000000a916900000,0x000000a916a00000)]
  0x000001ac7b12b000 JavaThread "jar transforms Thread 574" [_thread_blocked, id=3356, stack(0x000000a916a00000,0x000000a916b00000)]
  0x000001ac7b126000 JavaThread "jar transforms Thread 575" [_thread_blocked, id=3352, stack(0x000000a916b00000,0x000000a916c00000)]
  0x000001ac7b128000 JavaThread "jar transforms Thread 576" [_thread_blocked, id=2852, stack(0x000000a916c00000,0x000000a916d00000)]
  0x000001ac7b128800 JavaThread "jar transforms Thread 577" [_thread_blocked, id=3068, stack(0x000000a916d00000,0x000000a916e00000)]
  0x000001ac7b12d000 JavaThread "jar transforms Thread 578" [_thread_blocked, id=3424, stack(0x000000a916e00000,0x000000a916f00000)]
  0x000001ac7b12e800 JavaThread "jar transforms Thread 579" [_thread_blocked, id=8472, stack(0x000000a916f00000,0x000000a917000000)]
  0x000001ac7b12a800 JavaThread "jar transforms Thread 580" [_thread_blocked, id=7600, stack(0x000000a917000000,0x000000a917100000)]
  0x000001ac7b12d800 JavaThread "jar transforms Thread 581" [_thread_blocked, id=9792, stack(0x000000a917100000,0x000000a917200000)]
  0x000001ac75a79000 JavaThread "jar transforms Thread 582" [_thread_blocked, id=9120, stack(0x000000a917200000,0x000000a917300000)]
  0x000001ac75a7a000 JavaThread "jar transforms Thread 583" [_thread_blocked, id=3408, stack(0x000000a917300000,0x000000a917400000)]
  0x000001ac75a74000 JavaThread "jar transforms Thread 584" [_thread_blocked, id=1592, stack(0x000000a917400000,0x000000a917500000)]
  0x000001ac75a76800 JavaThread "jar transforms Thread 585" [_thread_blocked, id=7228, stack(0x000000a917500000,0x000000a917600000)]
  0x000001ac75a7a800 JavaThread "jar transforms Thread 586" [_thread_blocked, id=3640, stack(0x000000a917600000,0x000000a917700000)]
  0x000001ac75a78800 JavaThread "jar transforms Thread 587" [_thread_blocked, id=7032, stack(0x000000a917700000,0x000000a917800000)]
  0x000001ac75a75000 JavaThread "jar transforms Thread 588" [_thread_blocked, id=3404, stack(0x000000a917800000,0x000000a917900000)]
  0x000001ac75a77800 JavaThread "jar transforms Thread 589" [_thread_blocked, id=3524, stack(0x000000a917900000,0x000000a917a00000)]
  0x000001ac75a7f000 JavaThread "jar transforms Thread 590" [_thread_blocked, id=7172, stack(0x000000a917a00000,0x000000a917b00000)]
  0x000001ac75a7f800 JavaThread "jar transforms Thread 591" [_thread_blocked, id=1652, stack(0x000000a917b00000,0x000000a917c00000)]
  0x000001ac75a80800 JavaThread "jar transforms Thread 592" [_thread_blocked, id=13276, stack(0x000000a917c00000,0x000000a917d00000)]
  0x000001ac75a81800 JavaThread "jar transforms Thread 593" [_thread_blocked, id=10596, stack(0x000000a917d00000,0x000000a917e00000)]
  0x000001ac75a7b800 JavaThread "jar transforms Thread 594" [_thread_blocked, id=6360, stack(0x000000a917e00000,0x000000a917f00000)]
  0x000001ac75a82000 JavaThread "build event listener" [_thread_blocked, id=12596, stack(0x000000a917f00000,0x000000a918000000)]
  0x000001ac75a7c800 JavaThread "build event listener" [_thread_blocked, id=6140, stack(0x000000a918000000,0x000000a918100000)]
  0x000001ac75a83000 JavaThread "Execution worker for ':'" [_thread_blocked, id=6776, stack(0x000000a918100000,0x000000a918200000)]
  0x000001ac784ea000 JavaThread "Execution worker for ':' Thread 2" [_thread_blocked, id=13084, stack(0x000000a918300000,0x000000a918400000)]
  0x000001ac784ec800 JavaThread "Execution worker for ':' Thread 3" [_thread_blocked, id=10820, stack(0x000000a918400000,0x000000a918500000)]
=>0x000001ac784e6800 JavaThread "Execution worker for ':' Thread 4" [_thread_in_Java, id=8476, stack(0x000000a918500000,0x000000a918600000)]
  0x000001ac784f1000 JavaThread "Execution worker for ':' Thread 5" [_thread_blocked, id=13076, stack(0x000000a918600000,0x000000a918700000)]
  0x000001ac784f3000 JavaThread "Execution worker for ':' Thread 6" [_thread_blocked, id=4808, stack(0x000000a918700000,0x000000a918800000)]
  0x000001ac784ee000 JavaThread "Execution worker for ':' Thread 7" [_thread_blocked, id=13068, stack(0x000000a918800000,0x000000a918900000)]
  0x000001ac784ef000 JavaThread "Cache worker for execution history cache (C:\Android\Posologiemdicaments\.gradle\6.7.1\executionHistory)" [_thread_blocked, id=12112, stack(0x000000a918900000,0x000000a918a00000)]
  0x000001ac784f2000 JavaThread "Cache worker for Java compile cache (C:\Android\Posologiemdicaments\.gradle\6.7.1\javaCompile)" [_thread_blocked, id=7932, stack(0x000000a918a00000,0x000000a918b00000)]
  0x000001ac784f0800 JavaThread "C2 CompilerThread2" daemon [_thread_blocked, id=1288, stack(0x000000a911000000,0x000000a911100000)]
  0x000001ac784ed000 JavaThread "WorkerExecutor Queue" [_thread_blocked, id=8640, stack(0x000000a918b00000,0x000000a918c00000)]
  0x000001ac784f3800 JavaThread "WorkerExecutor Queue Thread 2" [_thread_blocked, id=1260, stack(0x000000a918c00000,0x000000a918d00000)]
  0x000001ac784f5800 JavaThread "WorkerExecutor Queue Thread 3" [_thread_blocked, id=8132, stack(0x000000a918e00000,0x000000a918f00000)]
  0x000001ac784ef800 JavaThread "WorkerExecutor Queue Thread 4" [_thread_blocked, id=7764, stack(0x000000a918f00000,0x000000a919000000)]
  0x000001ac784f4800 JavaThread "WorkerExecutor Queue Thread 5" [_thread_blocked, id=12828, stack(0x000000a919000000,0x000000a919100000)]
  0x000001ac73ee9000 JavaThread "WorkerExecutor Queue Thread 6" [_thread_blocked, id=9572, stack(0x000000a919100000,0x000000a919200000)]
  0x000001ac73ee9800 JavaThread "WorkerExecutor Queue Thread 7" [_thread_blocked, id=8360, stack(0x000000a919200000,0x000000a919300000)]
  0x000001ac73eeb800 JavaThread "WorkerExecutor Queue Thread 8" [_thread_blocked, id=740, stack(0x000000a919300000,0x000000a919400000)]
  0x000001ac73eec000 JavaThread "WorkerExecutor Queue Thread 9" [_thread_blocked, id=11688, stack(0x000000a919400000,0x000000a919500000)]

Other Threads:
  0x000001ac72ae9800 VMThread "VM Thread" [stack: 0x000000a90ec00000,0x000000a90ed00000] [id=1116] _threads_hazard_ptr=0x000001ac7d1a12a0
  0x000001ac7360e800 WatcherThread [stack: 0x000000a90f600000,0x000000a90f700000] [id=12024]
  0x000001ac58033000 GCTaskThread "GC Thread#0" [stack: 0x000000a90e700000,0x000000a90e800000] [id=7516]
  0x000001ac7430a000 GCTaskThread "GC Thread#1" [stack: 0x000000a90f800000,0x000000a90f900000] [id=4796]
  0x000001ac7460e000 GCTaskThread "GC Thread#2" [stack: 0x000000a90f900000,0x000000a90fa00000] [id=11240]
  0x000001ac750dc000 GCTaskThread "GC Thread#3" [stack: 0x000000a910500000,0x000000a910600000] [id=6472]
  0x000001ac746f9800 GCTaskThread "GC Thread#4" [stack: 0x000000a910600000,0x000000a910700000] [id=84]
  0x000001ac73add000 GCTaskThread "GC Thread#5" [stack: 0x000000a910700000,0x000000a910800000] [id=7008]
  0x000001ac73ef1000 GCTaskThread "GC Thread#6" [stack: 0x000000a910800000,0x000000a910900000] [id=10504]
  0x000001ac7379c800 GCTaskThread "GC Thread#7" [stack: 0x000000a910900000,0x000000a910a00000] [id=10032]
  0x000001ac58066000 ConcurrentGCThread "G1 Main Marker" [stack: 0x000000a90e800000,0x000000a90e900000] [id=1076]
  0x000001ac58068800 ConcurrentGCThread "G1 Conc#0" [stack: 0x000000a90e900000,0x000000a90ea00000] [id=3540]
  0x000001ac746f2800 ConcurrentGCThread "G1 Conc#1" [stack: 0x000000a910c00000,0x000000a910d00000] [id=8524]
  0x000001ac580f9000 ConcurrentGCThread "G1 Refine#0" [stack: 0x000000a90ea00000,0x000000a90eb00000] [id=9088]
  0x000001ac7ead0000 ConcurrentGCThread "G1 Refine#1" [stack: 0x000000a90e300000,0x000000a90e400000] [id=5272]
  0x000001ac7b311800 ConcurrentGCThread "G1 Refine#2" [stack: 0x000000a90e400000,0x000000a90e500000] [id=4748]
  0x000001ac72940800 ConcurrentGCThread "G1 Young RemSet Sampling" [stack: 0x000000a90eb00000,0x000000a90ec00000] [id=9504]

Threads with active compile tasks:

VM state:synchronizing (normal execution)

VM Mutex/Monitor currently owned by a thread:  ([mutex/lock_event])
[0x000001ac580187e0] Safepoint_lock - owner thread: 0x000001ac72ae9800
[0x000001ac58018900] Threads_lock - owner thread: 0x000001ac72ae9800

Heap address: 0x0000000080000000, size: 2048 MB, Compressed Oops mode: 32-bit
Narrow klass base: 0x0000000000000000, Narrow klass shift: 3
Compressed class space size: 1073741824 Address: 0x0000000100000000

Heap:
 garbage-first heap   total 157696K, used 86087K [0x0000000080000000, 0x0000000100000000)
  region size 1024K, 15 young (15360K), 1 survivors (1024K)
 Metaspace       used 113163K, capacity 116029K, committed 116300K, reserved 1150976K
  class space    used 14050K, capacity 15080K, committed 15180K, reserved 1048576K
Heap Regions: E=young(eden), S=young(survivor), O=old, HS=humongous(starts), HC=humongous(continues), CS=collection set, F=free, A=archive, TAMS=top-at-mark-start (previous, next)
|   0|0x0000000080000000, 0x0000000080100000, 0x0000000080100000|100%| O|  |TAMS 0x0000000080100000, 0x0000000080000000| Untracked 
|   1|0x0000000080100000, 0x0000000080200000, 0x0000000080200000|100%| O|  |TAMS 0x0000000080200000, 0x0000000080100000| Untracked 
|   2|0x0000000080200000, 0x0000000080300000, 0x0000000080300000|100%| O|  |TAMS 0x0000000080300000, 0x0000000080200000| Untracked 
|   3|0x0000000080300000, 0x0000000080400000, 0x0000000080400000|100%|HS|  |TAMS 0x0000000080400000, 0x0000000080300000| Complete 
|   4|0x0000000080400000, 0x0000000080500000, 0x0000000080500000|100%|HC|  |TAMS 0x0000000080500000, 0x0000000080400000| Complete 
|   5|0x0000000080500000, 0x0000000080600000, 0x0000000080600000|100%|HC|  |TAMS 0x0000000080600000, 0x0000000080500000| Complete 
|   6|0x0000000080600000, 0x0000000080700000, 0x0000000080700000|100%| O|  |TAMS 0x0000000080700000, 0x0000000080600000| Untracked 
|   7|0x0000000080700000, 0x0000000080800000, 0x0000000080800000|100%| O|  |TAMS 0x0000000080800000, 0x0000000080700000| Untracked 
|   8|0x0000000080800000, 0x0000000080900000, 0x0000000080900000|100%| O|  |TAMS 0x0000000080900000, 0x0000000080800000| Untracked 
|   9|0x0000000080900000, 0x0000000080a00000, 0x0000000080a00000|100%| O|  |TAMS 0x0000000080a00000, 0x0000000080900000| Untracked 
|  10|0x0000000080a00000, 0x0000000080b00000, 0x0000000080b00000|100%| O|  |TAMS 0x0000000080b00000, 0x0000000080a00000| Untracked 
|  11|0x0000000080b00000, 0x0000000080b00000, 0x0000000080c00000|  0%| F|  |TAMS 0x0000000080b00000, 0x0000000080b00000| Untracked 
|  12|0x0000000080c00000, 0x0000000080d00000, 0x0000000080d00000|100%| O|  |TAMS 0x0000000080d00000, 0x0000000080c00000| Untracked 
|  13|0x0000000080d00000, 0x0000000080e00000, 0x0000000080e00000|100%| O|  |TAMS 0x0000000080e00000, 0x0000000080d00000| Untracked 
|  14|0x0000000080e00000, 0x0000000080f00000, 0x0000000080f00000|100%| O|  |TAMS 0x0000000080f00000, 0x0000000080e00000| Untracked 
|  15|0x0000000080f00000, 0x0000000081000000, 0x0000000081000000|100%| O|  |TAMS 0x0000000081000000, 0x0000000080f00000| Untracked 
|  16|0x0000000081000000, 0x0000000081100000, 0x0000000081100000|100%| O|  |TAMS 0x0000000081100000, 0x0000000081000000| Untracked 
|  17|0x0000000081100000, 0x0000000081200000, 0x0000000081200000|100%| O|  |TAMS 0x0000000081200000, 0x0000000081100000| Untracked 
|  18|0x0000000081200000, 0x0000000081300000, 0x0000000081300000|100%| O|  |TAMS 0x0000000081300000, 0x0000000081200000| Untracked 
|  19|0x0000000081300000, 0x0000000081400000, 0x0000000081400000|100%|HS|  |TAMS 0x0000000081400000, 0x0000000081300000| Complete 
|  20|0x0000000081400000, 0x0000000081500000, 0x0000000081500000|100%| O|  |TAMS 0x0000000081500000, 0x0000000081400000| Untracked 
|  21|0x0000000081500000, 0x0000000081600000, 0x0000000081600000|100%| O|  |TAMS 0x0000000081600000, 0x0000000081500000| Untracked 
|  22|0x0000000081600000, 0x0000000081700000, 0x0000000081700000|100%|HS|  |TAMS 0x0000000081700000, 0x0000000081600000| Complete 
|  23|0x0000000081700000, 0x0000000081800000, 0x0000000081800000|100%|HC|  |TAMS 0x0000000081800000, 0x0000000081700000| Complete 
|  24|0x0000000081800000, 0x0000000081900000, 0x0000000081900000|100%| O|  |TAMS 0x0000000081900000, 0x0000000081800000| Untracked 
|  25|0x0000000081900000, 0x0000000081a00000, 0x0000000081a00000|100%| O|  |TAMS 0x0000000081a00000, 0x0000000081900000| Untracked 
|  26|0x0000000081a00000, 0x0000000081a00000, 0x0000000081b00000|  0%| F|  |TAMS 0x0000000081a00000, 0x0000000081a00000| Untracked 
|  27|0x0000000081b00000, 0x0000000081b00000, 0x0000000081c00000|  0%| F|  |TAMS 0x0000000081b00000, 0x0000000081b00000| Untracked 
|  28|0x0000000081c00000, 0x0000000081d00000, 0x0000000081d00000|100%| O|  |TAMS 0x0000000081c00000, 0x0000000081c00000| Untracked 
|  29|0x0000000081d00000, 0x0000000081e00000, 0x0000000081e00000|100%| O|  |TAMS 0x0000000081e00000, 0x0000000081d00000| Untracked 
|  30|0x0000000081e00000, 0x0000000081f00000, 0x0000000081f00000|100%| O|  |TAMS 0x0000000081f00000, 0x0000000081e00000| Untracked 
|  31|0x0000000081f00000, 0x0000000082000000, 0x0000000082000000|100%| O|  |TAMS 0x0000000082000000, 0x0000000081f00000| Untracked 
|  32|0x0000000082000000, 0x0000000082100000, 0x0000000082100000|100%| O|  |TAMS 0x0000000082100000, 0x0000000082000000| Untracked 
|  33|0x0000000082100000, 0x0000000082200000, 0x0000000082200000|100%| O|  |TAMS 0x0000000082200000, 0x0000000082100000| Untracked 
|  34|0x0000000082200000, 0x0000000082300000, 0x0000000082300000|100%| O|  |TAMS 0x0000000082300000, 0x0000000082200000| Untracked 
|  35|0x0000000082300000, 0x0000000082400000, 0x0000000082400000|100%| O|  |TAMS 0x0000000082400000, 0x0000000082300000| Untracked 
|  36|0x0000000082400000, 0x0000000082500000, 0x0000000082500000|100%| O|  |TAMS 0x0000000082500000, 0x0000000082400000| Untracked 
|  37|0x0000000082500000, 0x0000000082600000, 0x0000000082600000|100%| O|  |TAMS 0x0000000082600000, 0x0000000082500000| Untracked 
|  38|0x0000000082600000, 0x0000000082700000, 0x0000000082700000|100%| O|  |TAMS 0x0000000082700000, 0x0000000082600000| Untracked 
|  39|0x0000000082700000, 0x0000000082700000, 0x0000000082800000|  0%| F|  |TAMS 0x0000000082700000, 0x0000000082700000| Untracked 
|  40|0x0000000082800000, 0x0000000082800000, 0x0000000082900000|  0%| F|  |TAMS 0x0000000082800000, 0x0000000082800000| Untracked 
|  41|0x0000000082900000, 0x0000000082a00000, 0x0000000082a00000|100%| O|  |TAMS 0x0000000082a00000, 0x0000000082900000| Untracked 
|  42|0x0000000082a00000, 0x0000000082b00000, 0x0000000082b00000|100%| O|  |TAMS 0x0000000082b00000, 0x0000000082a00000| Untracked 
|  43|0x0000000082b00000, 0x0000000082c00000, 0x0000000082c00000|100%| O|  |TAMS 0x0000000082c00000, 0x0000000082b00000| Untracked 
|  44|0x0000000082c00000, 0x0000000082d00000, 0x0000000082d00000|100%| O|  |TAMS 0x0000000082d00000, 0x0000000082c00000| Untracked 
|  45|0x0000000082d00000, 0x0000000082e00000, 0x0000000082e00000|100%| O|  |TAMS 0x0000000082e00000, 0x0000000082d00000| Untracked 
|  46|0x0000000082e00000, 0x0000000082e00000, 0x0000000082f00000|  0%| F|  |TAMS 0x0000000082e00000, 0x0000000082e00000| Untracked 
|  47|0x0000000082f00000, 0x0000000083000000, 0x0000000083000000|100%| O|  |TAMS 0x0000000082f79000, 0x0000000082f00000| Untracked 
|  48|0x0000000083000000, 0x0000000083100000, 0x0000000083100000|100%| O|  |TAMS 0x0000000083100000, 0x0000000083000000| Untracked 
|  49|0x0000000083100000, 0x0000000083200000, 0x0000000083200000|100%| O|  |TAMS 0x0000000083200000, 0x0000000083100000| Untracked 
|  50|0x0000000083200000, 0x0000000083300000, 0x0000000083300000|100%| O|  |TAMS 0x0000000083300000, 0x0000000083200000| Untracked 
|  51|0x0000000083300000, 0x0000000083400000, 0x0000000083400000|100%| O|  |TAMS 0x0000000083400000, 0x0000000083300000| Untracked 
|  52|0x0000000083400000, 0x0000000083400000, 0x0000000083500000|  0%| F|  |TAMS 0x0000000083400000, 0x0000000083400000| Untracked 
|  53|0x0000000083500000, 0x0000000083500000, 0x0000000083600000|  0%| F|  |TAMS 0x0000000083500000, 0x0000000083500000| Untracked 
|  54|0x0000000083600000, 0x0000000083700000, 0x0000000083700000|100%| O|  |TAMS 0x0000000083700000, 0x0000000083600000| Untracked 
|  55|0x0000000083700000, 0x0000000083800000, 0x0000000083800000|100%| O|  |TAMS 0x0000000083800000, 0x0000000083700000| Untracked 
|  56|0x0000000083800000, 0x0000000083900000, 0x0000000083900000|100%| O|  |TAMS 0x0000000083900000, 0x0000000083800000| Untracked 
|  57|0x0000000083900000, 0x0000000083a00000, 0x0000000083a00000|100%| O|  |TAMS 0x0000000083a00000, 0x0000000083900000| Untracked 
|  58|0x0000000083a00000, 0x0000000083b00000, 0x0000000083b00000|100%| O|  |TAMS 0x0000000083b00000, 0x0000000083a00000| Untracked 
|  59|0x0000000083b00000, 0x0000000083c00000, 0x0000000083c00000|100%| O|  |TAMS 0x0000000083c00000, 0x0000000083b00000| Untracked 
|  60|0x0000000083c00000, 0x0000000083d00000, 0x0000000083d00000|100%| O|  |TAMS 0x0000000083d00000, 0x0000000083c00000| Untracked 
|  61|0x0000000083d00000, 0x0000000083e00000, 0x0000000083e00000|100%| O|  |TAMS 0x0000000083e00000, 0x0000000083d00000| Untracked 
|  62|0x0000000083e00000, 0x0000000083f00000, 0x0000000083f00000|100%| O|  |TAMS 0x0000000083f00000, 0x0000000083e00000| Untracked 
|  63|0x0000000083f00000, 0x0000000084000000, 0x0000000084000000|100%| O|  |TAMS 0x0000000084000000, 0x0000000083f00000| Untracked 
|  64|0x0000000084000000, 0x0000000084100000, 0x0000000084100000|100%| O|  |TAMS 0x0000000084000000, 0x0000000084000000| Untracked 
|  65|0x0000000084100000, 0x0000000084200000, 0x0000000084200000|100%| O|  |TAMS 0x0000000084200000, 0x0000000084100000| Untracked 
|  66|0x0000000084200000, 0x0000000084300000, 0x0000000084300000|100%| O|  |TAMS 0x0000000084300000, 0x0000000084200000| Untracked 
|  67|0x0000000084300000, 0x0000000084400000, 0x0000000084400000|100%| O|  |TAMS 0x0000000084400000, 0x0000000084300000| Untracked 
|  68|0x0000000084400000, 0x0000000084500000, 0x0000000084500000|100%| O|  |TAMS 0x0000000084500000, 0x0000000084400000| Untracked 
|  69|0x0000000084500000, 0x0000000084600000, 0x0000000084600000|100%| O|  |TAMS 0x0000000084600000, 0x0000000084500000| Untracked 
|  70|0x0000000084600000, 0x0000000084700000, 0x0000000084700000|100%| O|  |TAMS 0x0000000084700000, 0x0000000084600000| Untracked 
|  71|0x0000000084700000, 0x0000000084700000, 0x0000000084800000|  0%| F|  |TAMS 0x0000000084700000, 0x0000000084700000| Untracked 
|  72|0x0000000084800000, 0x0000000084900000, 0x0000000084900000|100%| O|  |TAMS 0x0000000084800000, 0x0000000084800000| Untracked 
|  73|0x0000000084900000, 0x0000000084a00000, 0x0000000084a00000|100%| O|  |TAMS 0x0000000084a00000, 0x0000000084900000| Untracked 
|  74|0x0000000084a00000, 0x0000000084b00000, 0x0000000084b00000|100%| O|  |TAMS 0x0000000084b00000, 0x0000000084a00000| Untracked 
|  75|0x0000000084b00000, 0x0000000084c00000, 0x0000000084c00000|100%| O|  |TAMS 0x0000000084c00000, 0x0000000084b00000| Untracked 
|  76|0x0000000084c00000, 0x0000000084d00000, 0x0000000084d00000|100%| O|  |TAMS 0x0000000084d00000, 0x0000000084c00000| Untracked 
|  77|0x0000000084d00000, 0x0000000084e00000, 0x0000000084e00000|100%| O|  |TAMS 0x0000000084e00000, 0x0000000084d00000| Untracked 
|  78|0x0000000084e00000, 0x0000000084f00000, 0x0000000084f00000|100%| O|  |TAMS 0x0000000084f00000, 0x0000000084e00000| Untracked 
|  79|0x0000000084f00000, 0x0000000084fbfc00, 0x0000000085000000| 74%| O|  |TAMS 0x0000000084f00000, 0x0000000084f00000| Untracked 
|  80|0x0000000085000000, 0x0000000085000000, 0x0000000085100000|  0%| F|  |TAMS 0x0000000085000000, 0x0000000085000000| Untracked 
|  81|0x0000000085100000, 0x0000000085100000, 0x0000000085200000|  0%| F|  |TAMS 0x0000000085100000, 0x0000000085100000| Untracked 
|  82|0x0000000085200000, 0x0000000085200000, 0x0000000085300000|  0%| F|  |TAMS 0x0000000085200000, 0x0000000085200000| Untracked 
|  83|0x0000000085300000, 0x0000000085300000, 0x0000000085400000|  0%| F|  |TAMS 0x0000000085300000, 0x0000000085300000| Untracked 
|  84|0x0000000085400000, 0x0000000085400000, 0x0000000085500000|  0%| F|  |TAMS 0x0000000085400000, 0x0000000085400000| Untracked 
|  85|0x0000000085500000, 0x0000000085500000, 0x0000000085600000|  0%| F|  |TAMS 0x0000000085500000, 0x0000000085500000| Untracked 
|  86|0x0000000085600000, 0x0000000085600000, 0x0000000085700000|  0%| F|  |TAMS 0x0000000085600000, 0x0000000085600000| Untracked 
|  87|0x0000000085700000, 0x0000000085700000, 0x0000000085800000|  0%| F|  |TAMS 0x0000000085700000, 0x0000000085700000| Untracked 
|  88|0x0000000085800000, 0x0000000085800000, 0x0000000085900000|  0%| F|  |TAMS 0x0000000085800000, 0x0000000085800000| Untracked 
|  89|0x0000000085900000, 0x0000000085900000, 0x0000000085a00000|  0%| F|  |TAMS 0x0000000085900000, 0x0000000085900000| Untracked 
|  90|0x0000000085a00000, 0x0000000085a00000, 0x0000000085b00000|  0%| F|  |TAMS 0x0000000085a00000, 0x0000000085a00000| Untracked 
|  91|0x0000000085b00000, 0x0000000085b00000, 0x0000000085c00000|  0%| F|  |TAMS 0x0000000085b00000, 0x0000000085b00000| Untracked 
|  92|0x0000000085c00000, 0x0000000085c00000, 0x0000000085d00000|  0%| F|  |TAMS 0x0000000085c00000, 0x0000000085c00000| Untracked 
|  93|0x0000000085d00000, 0x0000000085d00000, 0x0000000085e00000|  0%| F|  |TAMS 0x0000000085d00000, 0x0000000085d00000| Untracked 
|  94|0x0000000085e00000, 0x0000000085e00000, 0x0000000085f00000|  0%| F|  |TAMS 0x0000000085e00000, 0x0000000085e00000| Untracked 
|  95|0x0000000085f00000, 0x0000000085f00000, 0x0000000086000000|  0%| F|  |TAMS 0x0000000085f00000, 0x0000000085f00000| Untracked 
|  96|0x0000000086000000, 0x0000000086000000, 0x0000000086100000|  0%| F|  |TAMS 0x0000000086000000, 0x0000000086000000| Untracked 
|  97|0x0000000086100000, 0x0000000086100000, 0x0000000086200000|  0%| F|  |TAMS 0x0000000086100000, 0x0000000086100000| Untracked 
|  98|0x0000000086200000, 0x0000000086200000, 0x0000000086300000|  0%| F|  |TAMS 0x0000000086200000, 0x0000000086200000| Untracked 
|  99|0x0000000086300000, 0x0000000086300000, 0x0000000086400000|  0%| F|  |TAMS 0x0000000086300000, 0x0000000086300000| Untracked 
| 100|0x0000000086400000, 0x0000000086400000, 0x0000000086500000|  0%| F|  |TAMS 0x0000000086400000, 0x0000000086400000| Untracked 
| 101|0x0000000086500000, 0x0000000086500000, 0x0000000086600000|  0%| F|  |TAMS 0x0000000086500000, 0x0000000086500000| Untracked 
| 102|0x0000000086600000, 0x0000000086600000, 0x0000000086700000|  0%| F|  |TAMS 0x0000000086600000, 0x0000000086600000| Untracked 
| 103|0x0000000086700000, 0x0000000086700000, 0x0000000086800000|  0%| F|  |TAMS 0x0000000086700000, 0x0000000086700000| Untracked 
| 104|0x0000000086800000, 0x0000000086800000, 0x0000000086900000|  0%| F|  |TAMS 0x0000000086800000, 0x0000000086800000| Untracked 
| 105|0x0000000086900000, 0x0000000086900000, 0x0000000086a00000|  0%| F|  |TAMS 0x0000000086900000, 0x0000000086900000| Untracked 
| 106|0x0000000086a00000, 0x0000000086a00000, 0x0000000086b00000|  0%| F|  |TAMS 0x0000000086a00000, 0x0000000086a00000| Untracked 
| 107|0x0000000086b00000, 0x0000000086b00000, 0x0000000086c00000|  0%| F|  |TAMS 0x0000000086b00000, 0x0000000086b00000| Untracked 
| 108|0x0000000086c00000, 0x0000000086c00000, 0x0000000086d00000|  0%| F|  |TAMS 0x0000000086c00000, 0x0000000086c00000| Untracked 
| 109|0x0000000086d00000, 0x0000000086d00000, 0x0000000086e00000|  0%| F|  |TAMS 0x0000000086d00000, 0x0000000086d00000| Untracked 
| 110|0x0000000086e00000, 0x0000000086e00000, 0x0000000086f00000|  0%| F|  |TAMS 0x0000000086e00000, 0x0000000086e00000| Untracked 
| 111|0x0000000086f00000, 0x0000000086f00000, 0x0000000087000000|  0%| F|  |TAMS 0x0000000086f00000, 0x0000000086f00000| Untracked 
| 112|0x0000000087000000, 0x0000000087000000, 0x0000000087100000|  0%| F|  |TAMS 0x0000000087000000, 0x0000000087000000| Untracked 
| 113|0x0000000087100000, 0x0000000087100000, 0x0000000087200000|  0%| F|  |TAMS 0x0000000087100000, 0x0000000087100000| Untracked 
| 114|0x0000000087200000, 0x0000000087200000, 0x0000000087300000|  0%| F|  |TAMS 0x0000000087200000, 0x0000000087200000| Untracked 
| 115|0x0000000087300000, 0x0000000087300000, 0x0000000087400000|  0%| F|  |TAMS 0x0000000087300000, 0x0000000087300000| Untracked 
| 116|0x0000000087400000, 0x0000000087400000, 0x0000000087500000|  0%| F|  |TAMS 0x0000000087400000, 0x0000000087400000| Untracked 
| 117|0x0000000087500000, 0x0000000087500000, 0x0000000087600000|  0%| F|  |TAMS 0x0000000087500000, 0x0000000087500000| Untracked 
| 118|0x0000000087600000, 0x0000000087600000, 0x0000000087700000|  0%| F|  |TAMS 0x0000000087600000, 0x0000000087600000| Untracked 
| 119|0x0000000087700000, 0x0000000087700000, 0x0000000087800000|  0%| F|  |TAMS 0x0000000087700000, 0x0000000087700000| Untracked 
| 120|0x0000000087800000, 0x0000000087800000, 0x0000000087900000|  0%| F|  |TAMS 0x0000000087800000, 0x0000000087800000| Untracked 
| 121|0x0000000087900000, 0x0000000087900000, 0x0000000087a00000|  0%| F|  |TAMS 0x0000000087900000, 0x0000000087900000| Untracked 
| 122|0x0000000087a00000, 0x0000000087a00000, 0x0000000087b00000|  0%| F|  |TAMS 0x0000000087a00000, 0x0000000087a00000| Untracked 
| 123|0x0000000087b00000, 0x0000000087b00000, 0x0000000087c00000|  0%| F|  |TAMS 0x0000000087b00000, 0x0000000087b00000| Untracked 
| 124|0x0000000087c00000, 0x0000000087c00000, 0x0000000087d00000|  0%| F|  |TAMS 0x0000000087c00000, 0x0000000087c00000| Untracked 
| 125|0x0000000087d00000, 0x0000000087d00000, 0x0000000087e00000|  0%| F|  |TAMS 0x0000000087d00000, 0x0000000087d00000| Untracked 
| 126|0x0000000087e00000, 0x0000000087e00000, 0x0000000087f00000|  0%| F|  |TAMS 0x0000000087e00000, 0x0000000087e00000| Untracked 
| 127|0x0000000087f00000, 0x0000000087f00000, 0x0000000088000000|  0%| F|  |TAMS 0x0000000087f00000, 0x0000000087f00000| Untracked 
| 128|0x0000000088000000, 0x0000000088000000, 0x0000000088100000|  0%| F|  |TAMS 0x0000000088000000, 0x0000000088000000| Untracked 
| 129|0x0000000088100000, 0x0000000088100000, 0x0000000088200000|  0%| F|  |TAMS 0x0000000088100000, 0x0000000088100000| Untracked 
| 130|0x0000000088200000, 0x0000000088200000, 0x0000000088300000|  0%| F|  |TAMS 0x0000000088200000, 0x0000000088200000| Untracked 
| 131|0x0000000088300000, 0x0000000088300000, 0x0000000088400000|  0%| F|  |TAMS 0x0000000088300000, 0x0000000088300000| Untracked 
| 132|0x0000000088400000, 0x0000000088400000, 0x0000000088500000|  0%| F|  |TAMS 0x0000000088400000, 0x0000000088400000| Untracked 
| 133|0x0000000088500000, 0x0000000088500000, 0x0000000088600000|  0%| F|  |TAMS 0x0000000088500000, 0x0000000088500000| Untracked 
| 134|0x0000000088600000, 0x0000000088600000, 0x0000000088700000|  0%| F|  |TAMS 0x0000000088600000, 0x0000000088600000| Untracked 
| 135|0x0000000088700000, 0x0000000088700000, 0x0000000088800000|  0%| F|  |TAMS 0x0000000088700000, 0x0000000088700000| Untracked 
| 136|0x0000000088800000, 0x0000000088800000, 0x0000000088900000|  0%| F|  |TAMS 0x0000000088800000, 0x0000000088800000| Untracked 
| 137|0x0000000088900000, 0x0000000088900000, 0x0000000088a00000|  0%| F|  |TAMS 0x0000000088900000, 0x0000000088900000| Untracked 
| 138|0x0000000088a00000, 0x0000000088a00000, 0x0000000088b00000|  0%| F|  |TAMS 0x0000000088a00000, 0x0000000088a00000| Untracked 
| 139|0x0000000088b00000, 0x0000000088be4478, 0x0000000088c00000| 89%| E|  |TAMS 0x0000000088b00000, 0x0000000088b00000| Complete 
| 140|0x0000000088c00000, 0x0000000088d00000, 0x0000000088d00000|100%| E|CS|TAMS 0x0000000088c00000, 0x0000000088c00000| Complete 
| 141|0x0000000088d00000, 0x0000000088e00000, 0x0000000088e00000|100%| E|CS|TAMS 0x0000000088d00000, 0x0000000088d00000| Complete 
| 142|0x0000000088e00000, 0x0000000088f00000, 0x0000000088f00000|100%| E|CS|TAMS 0x0000000088e00000, 0x0000000088e00000| Complete 
| 143|0x0000000088f00000, 0x0000000089000000, 0x0000000089000000|100%| E|CS|TAMS 0x0000000088f00000, 0x0000000088f00000| Complete 
| 144|0x0000000089000000, 0x0000000089100000, 0x0000000089100000|100%| E|CS|TAMS 0x0000000089000000, 0x0000000089000000| Complete 
| 145|0x0000000089100000, 0x0000000089200000, 0x0000000089200000|100%| E|CS|TAMS 0x0000000089100000, 0x0000000089100000| Complete 
| 146|0x0000000089200000, 0x0000000089300000, 0x0000000089300000|100%| E|CS|TAMS 0x0000000089200000, 0x0000000089200000| Complete 
| 147|0x0000000089300000, 0x0000000089400000, 0x0000000089400000|100%| E|CS|TAMS 0x0000000089300000, 0x0000000089300000| Complete 
| 148|0x0000000089400000, 0x0000000089500000, 0x0000000089500000|100%| E|CS|TAMS 0x0000000089400000, 0x0000000089400000| Complete 
| 149|0x0000000089500000, 0x00000000895523c0, 0x0000000089600000| 32%| S|CS|TAMS 0x0000000089500000, 0x0000000089500000| Complete 
| 150|0x0000000089600000, 0x0000000089700000, 0x0000000089700000|100%| E|CS|TAMS 0x0000000089600000, 0x0000000089600000| Complete 
| 151|0x0000000089700000, 0x0000000089800000, 0x0000000089800000|100%| E|CS|TAMS 0x0000000089700000, 0x0000000089700000| Complete 
| 152|0x0000000089800000, 0x0000000089900000, 0x0000000089900000|100%| E|CS|TAMS 0x0000000089800000, 0x0000000089800000| Complete 
| 153|0x0000000089900000, 0x0000000089a00000, 0x0000000089a00000|100%| E|CS|TAMS 0x0000000089900000, 0x0000000089900000| Complete 

Card table byte_map: [0x000001ac6b810000,0x000001ac6bc10000] _byte_map_base: 0x000001ac6b410000

Marking Bits (Prev, Next): (CMBitMap*) 0x000001ac5805d438, (CMBitMap*) 0x000001ac5805d470
 Prev Bits: [0x000001ac6c010000, 0x000001ac6e010000)
 Next Bits: [0x000001ac6e010000, 0x000001ac70010000)

Polling page: 0x000001ac567a0000

Metaspace:

Usage:
  Non-class:     98.58 MB capacity,    96.79 MB ( 98%) used,     1.46 MB (  1%) free+waste,   335.94 KB ( <1%) overhead. 
      Class:     14.73 MB capacity,    13.72 MB ( 93%) used,   882.59 KB (  6%) free+waste,   147.38 KB ( <1%) overhead. 
       Both:    113.31 MB capacity,   110.51 MB ( 98%) used,     2.33 MB (  2%) free+waste,   483.31 KB ( <1%) overhead. 

Virtual space:
  Non-class space:      100.00 MB reserved,      98.75 MB ( 99%) committed 
      Class space:        1.00 GB reserved,      14.82 MB (  1%) committed 
             Both:        1.10 GB reserved,     113.57 MB ( 10%) committed 

Chunk freelists:
   Non-Class:  43.00 KB
       Class:  0 bytes
        Both:  43.00 KB

MaxMetaspaceSize: 17179869184.00 GB
CompressedClassSpaceSize: 1.00 GB

CodeHeap 'non-profiled nmethods': size=120000Kb used=11738Kb max_used=11738Kb free=108261Kb
 bounds [0x000001ac63470000, 0x000001ac63ff0000, 0x000001ac6a9a0000]
CodeHeap 'profiled nmethods': size=120000Kb used=37275Kb max_used=37511Kb free=82724Kb
 bounds [0x000001ac5bf40000, 0x000001ac5e460000, 0x000001ac63470000]
CodeHeap 'non-nmethods': size=5760Kb used=2318Kb max_used=2401Kb free=3441Kb
 bounds [0x000001ac5b9a0000, 0x000001ac5bc10000, 0x000001ac5bf40000]
 total_blobs=18159 nmethods=17232 adapters=836
 compilation: enabled
              stopped_count=0, restarted_count=0
 full_count=0

Compilation events (20 events):
Event: 12916.550 Thread 0x000001ac72b13000 19800       1       com.android.tools.r8.dex.b$b::a (2 bytes)
Event: 12916.551 Thread 0x000001ac72b13000 nmethod 19800 0x000001ac63fc4790 code [0x000001ac63fc4940, 0x000001ac63fc49f8]
Event: 12916.551 Thread 0x000001ac72b13000 19793       1       com.android.tools.r8.graph.y::o (2 bytes)
Event: 12916.551 Thread 0x000001ac72b13000 nmethod 19793 0x000001ac63fc4a90 code [0x000001ac63fc4c40, 0x000001ac63fc4cf8]
Event: 12916.551 Thread 0x000001ac72b13000 19787       1       com.android.tools.r8.v.b.o0::c (2 bytes)
Event: 12916.551 Thread 0x000001ac72b13000 nmethod 19787 0x000001ac63fc4d90 code [0x000001ac63fc4f40, 0x000001ac63fc4ff8]
Event: 12916.551 Thread 0x000001ac72b13000 19792       1       com.android.tools.r8.v.b.j0::U1 (3 bytes)
Event: 12916.551 Thread 0x000001ac72b13000 nmethod 19792 0x000001ac63fc5090 code [0x000001ac63fc5240, 0x000001ac63fc52f8]
Event: 12916.551 Thread 0x000001ac72b13000 19786       1       com.android.tools.r8.v.b.W::W1 (3 bytes)
Event: 12916.551 Thread 0x000001ac72b13000 nmethod 19786 0x000001ac63fc5390 code [0x000001ac63fc5540, 0x000001ac63fc55f8]
Event: 12916.551 Thread 0x000001ac72b13000 19795       1       com.android.tools.r8.graph.Q1::b (5 bytes)
Event: 12916.551 Thread 0x000001ac72b13000 nmethod 19795 0x000001ac63fc5690 code [0x000001ac63fc5840, 0x000001ac63fc58f8]
Event: 12916.551 Thread 0x000001ac72b13000 19796       1       com.android.tools.r8.v.b.d1::W1 (3 bytes)
Event: 12916.551 Thread 0x000001ac72b13000 nmethod 19796 0x000001ac63fc5990 code [0x000001ac63fc5b40, 0x000001ac63fc5bf8]
Event: 12916.551 Thread 0x000001ac72b13000 19797       1       com.android.tools.r8.graph.j::g (5 bytes)
Event: 12916.551 Thread 0x000001ac72b13000 nmethod 19797 0x000001ac63fc5c90 code [0x000001ac63fc5e40, 0x000001ac63fc5ef8]
Event: 12916.551 Thread 0x000001ac72b13000 19798       1       com.android.tools.r8.graph.R0$e::d (2 bytes)
Event: 12916.552 Thread 0x000001ac72b13000 nmethod 19798 0x000001ac63fc5f90 code [0x000001ac63fc6140, 0x000001ac63fc61f8]
Event: 12916.552 Thread 0x000001ac72b13000 19803       1       com.google.wireless.android.sdk.stats.GradleBuildProfileSpan$Builder::getId (5 bytes)
Event: 12916.552 Thread 0x000001ac72b13000 nmethod 19803 0x000001ac63fc6290 code [0x000001ac63fc6440, 0x000001ac63fc64f8]

GC Heap History (20 events):
Event: 12132.517 GC heap before
{Heap before GC invocations=59 (full 0):
 garbage-first heap   total 157696K, used 122917K [0x0000000080000000, 0x0000000100000000)
  region size 1024K, 40 young (40960K), 1 survivors (1024K)
 Metaspace       used 112637K, capacity 115467K, committed 115788K, reserved 1150976K
  class space    used 14029K, capacity 15046K, committed 15180K, reserved 1048576K
}
Event: 12132.520 GC heap after
{Heap after GC invocations=60 (full 0):
 garbage-first heap   total 157696K, used 75403K [0x0000000080000000, 0x0000000100000000)
  region size 1024K, 1 young (1024K), 1 survivors (1024K)
 Metaspace       used 112637K, capacity 115467K, committed 115788K, reserved 1150976K
  class space    used 14029K, capacity 15046K, committed 15180K, reserved 1048576K
}
Event: 12132.663 GC heap before
{Heap before GC invocations=60 (full 0):
 garbage-first heap   total 157696K, used 118411K [0x0000000080000000, 0x0000000100000000)
  region size 1024K, 43 young (44032K), 1 survivors (1024K)
 Metaspace       used 112637K, capacity 115467K, committed 115788K, reserved 1150976K
  class space    used 14029K, capacity 15046K, committed 15180K, reserved 1048576K
}
Event: 12132.666 GC heap after
{Heap after GC invocations=61 (full 0):
 garbage-first heap   total 157696K, used 75365K [0x0000000080000000, 0x0000000100000000)
  region size 1024K, 1 young (1024K), 1 survivors (1024K)
 Metaspace       used 112637K, capacity 115467K, committed 115788K, reserved 1150976K
  class space    used 14029K, capacity 15046K, committed 15180K, reserved 1048576K
}
Event: 12142.227 GC heap before
{Heap before GC invocations=62 (full 0):
 garbage-first heap   total 157696K, used 120421K [0x0000000080000000, 0x0000000100000000)
  region size 1024K, 46 young (47104K), 1 survivors (1024K)
 Metaspace       used 112063K, capacity 114560K, committed 115788K, reserved 1150976K
  class space    used 13920K, capacity 14847K, committed 15180K, reserved 1048576K
}
Event: 12142.229 GC heap after
{Heap after GC invocations=63 (full 0):
 garbage-first heap   total 157696K, used 75366K [0x0000000080000000, 0x0000000100000000)
  region size 1024K, 1 young (1024K), 1 survivors (1024K)
 Metaspace       used 112063K, capacity 114560K, committed 115788K, reserved 1150976K
  class space    used 13920K, capacity 14847K, committed 15180K, reserved 1048576K
}
Event: 12142.401 GC heap before
{Heap before GC invocations=63 (full 0):
 garbage-first heap   total 157696K, used 80486K [0x0000000080000000, 0x0000000100000000)
  region size 1024K, 7 young (7168K), 1 survivors (1024K)
 Metaspace       used 112063K, capacity 114560K, committed 115788K, reserved 1150976K
  class space    used 13920K, capacity 14847K, committed 15180K, reserved 1048576K
}
Event: 12142.416 GC heap after
{Heap after GC invocations=64 (full 0):
 garbage-first heap   total 157696K, used 69107K [0x0000000080000000, 0x0000000100000000)
  region size 1024K, 1 young (1024K), 1 survivors (1024K)
 Metaspace       used 112063K, capacity 114560K, committed 115788K, reserved 1150976K
  class space    used 13920K, capacity 14847K, committed 15180K, reserved 1048576K
}
Event: 12913.987 GC heap before
{Heap before GC invocations=64 (full 0):
 garbage-first heap   total 157696K, used 122355K [0x0000000080000000, 0x0000000100000000)
  region size 1024K, 53 young (54272K), 1 survivors (1024K)
 Metaspace       used 112277K, capacity 114838K, committed 115788K, reserved 1150976K
  class space    used 13955K, capacity 14914K, committed 15180K, reserved 1048576K
}
Event: 12914.012 GC heap after
{Heap after GC invocations=65 (full 0):
 garbage-first heap   total 157696K, used 71143K [0x0000000080000000, 0x0000000100000000)
  region size 1024K, 3 young (3072K), 3 survivors (3072K)
 Metaspace       used 112277K, capacity 114838K, committed 115788K, reserved 1150976K
  class space    used 13955K, capacity 14914K, committed 15180K, reserved 1048576K
}
Event: 12915.003 GC heap before
{Heap before GC invocations=66 (full 0):
 garbage-first heap   total 157696K, used 124391K [0x0000000080000000, 0x0000000100000000)
  region size 1024K, 55 young (56320K), 3 survivors (3072K)
 Metaspace       used 112720K, capacity 115485K, committed 115788K, reserved 1150976K
  class space    used 14032K, capacity 15049K, committed 15180K, reserved 1048576K
}
Event: 12915.019 GC heap after
{Heap after GC invocations=67 (full 0):
 garbage-first heap   total 157696K, used 75907K [0x0000000080000000, 0x0000000100000000)
  region size 1024K, 7 young (7168K), 7 survivors (7168K)
 Metaspace       used 112720K, capacity 115485K, committed 115788K, reserved 1150976K
  class space    used 14032K, capacity 15049K, committed 15180K, reserved 1048576K
}
Event: 12915.025 GC heap before
{Heap before GC invocations=67 (full 0):
 garbage-first heap   total 157696K, used 76931K [0x0000000080000000, 0x0000000100000000)
  region size 1024K, 8 young (8192K), 7 survivors (7168K)
 Metaspace       used 112720K, capacity 115485K, committed 115788K, reserved 1150976K
  class space    used 14032K, capacity 15049K, committed 15180K, reserved 1048576K
}
Event: 12915.065 GC heap after
{Heap after GC invocations=68 (full 0):
 garbage-first heap   total 157696K, used 76043K [0x0000000080000000, 0x0000000100000000)
  region size 1024K, 1 young (1024K), 1 survivors (1024K)
 Metaspace       used 112720K, capacity 115485K, committed 115788K, reserved 1150976K
  class space    used 14032K, capacity 15049K, committed 15180K, reserved 1048576K
}
Event: 12915.479 GC heap before
{Heap before GC invocations=68 (full 0):
 garbage-first heap   total 157696K, used 101643K [0x0000000080000000, 0x0000000100000000)
  region size 1024K, 28 young (28672K), 1 survivors (1024K)
 Metaspace       used 112805K, capacity 115666K, committed 116044K, reserved 1150976K
  class space    used 14037K, capacity 15058K, committed 15180K, reserved 1048576K
}
Event: 12915.491 GC heap after
{Heap after GC invocations=69 (full 0):
 garbage-first heap   total 157696K, used 77220K [0x0000000080000000, 0x0000000100000000)
  region size 1024K, 2 young (2048K), 2 survivors (2048K)
 Metaspace       used 112805K, capacity 115666K, committed 116044K, reserved 1150976K
  class space    used 14037K, capacity 15058K, committed 15180K, reserved 1048576K
}
Event: 12916.313 GC heap before
{Heap before GC invocations=70 (full 0):
 garbage-first heap   total 157696K, used 129444K [0x0000000080000000, 0x0000000100000000)
  region size 1024K, 51 young (52224K), 2 survivors (2048K)
 Metaspace       used 112930K, capacity 115742K, committed 116044K, reserved 1150976K
  class space    used 14038K, capacity 15060K, committed 15180K, reserved 1048576K
}
Event: 12916.321 GC heap after
{Heap after GC invocations=71 (full 0):
 garbage-first heap   total 157696K, used 79618K [0x0000000080000000, 0x0000000100000000)
  region size 1024K, 3 young (3072K), 3 survivors (3072K)
 Metaspace       used 112930K, capacity 115742K, committed 116044K, reserved 1150976K
  class space    used 14038K, capacity 15060K, committed 15180K, reserved 1048576K
}
Event: 12916.341 GC heap before
{Heap before GC invocations=71 (full 0):
 garbage-first heap   total 157696K, used 82690K [0x0000000080000000, 0x0000000100000000)
  region size 1024K, 7 young (7168K), 3 survivors (3072K)
 Metaspace       used 112930K, capacity 115742K, committed 116044K, reserved 1150976K
  class space    used 14038K, capacity 15060K, committed 15180K, reserved 1048576K
}
Event: 12916.354 GC heap after
{Heap after GC invocations=72 (full 0):
 garbage-first heap   total 157696K, used 72775K [0x0000000080000000, 0x0000000100000000)
  region size 1024K, 1 young (1024K), 1 survivors (1024K)
 Metaspace       used 112930K, capacity 115742K, committed 116044K, reserved 1150976K
  class space    used 14038K, capacity 15060K, committed 15180K, reserved 1048576K
}

Deoptimization events (20 events):
Event: 12916.095 Thread 0x000001ac784ef000 Uncommon trap: trap_request=0xffffff4d fr.pc=0x000001ac634a9784 relative=0x0000000000000064
Event: 12916.095 Thread 0x000001ac784ef000 Uncommon trap: reason=unstable_if action=reinterpret pc=0x000001ac634a9784 method=org.gradle.internal.io.StreamByteBuffer.allocateSpace()I @ 9 c2
Event: 12916.095 Thread 0x000001ac784ef000 DEOPT PACKING pc=0x000001ac634a9784 sp=0x000000a9189fe7a0
Event: 12916.095 Thread 0x000001ac784ef000 DEOPT UNPACKING pc=0x000001ac5b9c74af sp=0x000000a9189fe730 mode 2
Event: 12916.095 Thread 0x000001ac784ef000 Uncommon trap: trap_request=0xffffff4d fr.pc=0x000001ac637ed028 relative=0x0000000000005348
Event: 12916.095 Thread 0x000001ac784ef000 Uncommon trap: reason=unstable_if action=reinterpret pc=0x000001ac637ed028 method=org.gradle.cache.internal.btree.BTreePersistentIndexedCache$DataBlock.useNewValue(Ljava/lang/Object;)Lorg/gradle/cache/internal/btree/BTreePersistentIndexedCache$DataBlockUp
Event: 12916.095 Thread 0x000001ac784ef000 DEOPT PACKING pc=0x000001ac637ed028 sp=0x000000a9189fe880
Event: 12916.095 Thread 0x000001ac784ef000 DEOPT UNPACKING pc=0x000001ac5b9c74af sp=0x000000a9189fe770 mode 2
Event: 12916.095 Thread 0x000001ac784ef000 Uncommon trap: trap_request=0xffffff7e fr.pc=0x000001ac638c65c0 relative=0x0000000000000180
Event: 12916.095 Thread 0x000001ac784ef000 Uncommon trap: reason=predicate action=maybe_recompile pc=0x000001ac638c65c0 method=java.util.Collections.indexedBinarySearch(Ljava/util/List;Ljava/lang/Object;)I @ 13 c2
Event: 12916.095 Thread 0x000001ac784ef000 DEOPT PACKING pc=0x000001ac638c65c0 sp=0x000000a9189fe640
Event: 12916.095 Thread 0x000001ac784ef000 DEOPT UNPACKING pc=0x000001ac5b9c74af sp=0x000000a9189fe5c0 mode 2
Event: 12916.096 Thread 0x000001ac784ef000 Uncommon trap: trap_request=0xffffff4d fr.pc=0x000001ac6391650c relative=0x000000000000016c
Event: 12916.096 Thread 0x000001ac784ef000 Uncommon trap: reason=unstable_if action=reinterpret pc=0x000001ac6391650c method=org.gradle.internal.io.StreamByteBuffer.prepareRead()I @ 30 c2
Event: 12916.096 Thread 0x000001ac784ef000 DEOPT PACKING pc=0x000001ac6391650c sp=0x000000a9189fe540
Event: 12916.096 Thread 0x000001ac784ef000 DEOPT UNPACKING pc=0x000001ac5b9c74af sp=0x000000a9189fe4f0 mode 2
Event: 12916.396 Thread 0x000001ac784e6800 Uncommon trap: trap_request=0xffffff4d fr.pc=0x000001ac63e346ac relative=0x0000000000000f6c
Event: 12916.397 Thread 0x000001ac784e6800 Uncommon trap: reason=unstable_if action=reinterpret pc=0x000001ac63e346ac method=org.gradle.internal.execution.history.changes.SortedMapDiffUtil.diff(Ljava/util/SortedMap;Ljava/util/SortedMap;Lorg/gradle/internal/execution/history/changes/PropertyDiffLis
Event: 12916.397 Thread 0x000001ac784e6800 DEOPT PACKING pc=0x000001ac63e346ac sp=0x000000a9185fd1b0
Event: 12916.397 Thread 0x000001ac784e6800 DEOPT UNPACKING pc=0x000001ac5b9c74af sp=0x000000a9185fd1a8 mode 2

Classes redefined (0 events):
No events

Internal exceptions (20 events):
Event: 12915.926 Thread 0x000001ac784e6800 Exception <a 'sun/nio/fs/WindowsException'{0x000000008823ba98}> (0x000000008823ba98) thrown at [./src/hotspot/share/prims/jni.cpp, line 615]
Event: 12915.930 Thread 0x000001ac784e6800 Exception <a 'sun/nio/fs/WindowsException'{0x00000000882467d8}> (0x00000000882467d8) thrown at [./src/hotspot/share/prims/jni.cpp, line 615]
Event: 12915.960 Thread 0x000001ac784e6800 Exception <a 'sun/nio/fs/WindowsException'{0x0000000088043b10}> (0x0000000088043b10) thrown at [./src/hotspot/share/prims/jni.cpp, line 615]
Event: 12915.960 Thread 0x000001ac784e6800 Exception <a 'sun/nio/fs/WindowsException'{0x0000000088043c68}> (0x0000000088043c68) thrown at [./src/hotspot/share/prims/jni.cpp, line 615]
Event: 12916.024 Thread 0x000001ac784e6800 Exception <a 'sun/nio/fs/WindowsException'{0x0000000087b67660}> (0x0000000087b67660) thrown at [./src/hotspot/share/prims/jni.cpp, line 615]
Event: 12916.028 Thread 0x000001ac784e6800 Exception <a 'sun/nio/fs/WindowsException'{0x0000000087b708f8}> (0x0000000087b708f8) thrown at [./src/hotspot/share/prims/jni.cpp, line 615]
Event: 12916.041 Thread 0x000001ac784e6800 Exception <a 'sun/nio/fs/WindowsException'{0x0000000087bd32e0}> (0x0000000087bd32e0) thrown at [./src/hotspot/share/prims/jni.cpp, line 615]
Event: 12916.091 Thread 0x000001ac784e6800 Implicit null exception at 0x000001ac63dbe3a8 to 0x000001ac63dbf57c
Event: 12916.092 Thread 0x000001ac784e6800 Implicit null exception at 0x000001ac63dc1a28 to 0x000001ac63dc2c3c
Event: 12916.096 Thread 0x000001ac7b38f800 Exception <a 'java/lang/NoSuchMethodError'{0x000000008793bac8}: <clinit>> (0x000000008793bac8) thrown at [./src/hotspot/share/prims/jni.cpp, line 1362]
Event: 12916.105 Thread 0x000001ac7b38f800 Exception <a 'java/lang/NoSuchMethodError'{0x0000000087990f78}: <clinit>> (0x0000000087990f78) thrown at [./src/hotspot/share/prims/jni.cpp, line 1362]
Event: 12916.242 Thread 0x000001ac784e6800 Exception <a 'sun/nio/fs/WindowsException'{0x0000000087251d90}> (0x0000000087251d90) thrown at [./src/hotspot/share/prims/jni.cpp, line 615]
Event: 12916.243 Thread 0x000001ac784e6800 Exception <a 'sun/nio/fs/WindowsException'{0x00000000872529e8}> (0x00000000872529e8) thrown at [./src/hotspot/share/prims/jni.cpp, line 615]
Event: 12916.408 Thread 0x000001ac784e6800 Exception <a 'java/lang/NoSuchMethodError'{0x0000000089686ff8}: <clinit>> (0x0000000089686ff8) thrown at [./src/hotspot/share/prims/jni.cpp, line 1362]
Event: 12916.420 Thread 0x000001ac784ed000 Exception <a 'sun/nio/fs/WindowsException'{0x0000000089457e88}> (0x0000000089457e88) thrown at [./src/hotspot/share/prims/jni.cpp, line 615]
Event: 12916.425 Thread 0x000001ac784f3800 Exception <a 'sun/nio/fs/WindowsException'{0x00000000894ce8c0}> (0x00000000894ce8c0) thrown at [./src/hotspot/share/prims/jni.cpp, line 615]
Event: 12916.434 Thread 0x000001ac784f5800 Exception <a 'sun/nio/fs/WindowsException'{0x00000000892b0470}> (0x00000000892b0470) thrown at [./src/hotspot/share/prims/jni.cpp, line 615]
Event: 12916.456 Thread 0x000001ac784f5800 Exception <a 'sun/nio/fs/WindowsException'{0x0000000088f11508}> (0x0000000088f11508) thrown at [./src/hotspot/share/prims/jni.cpp, line 615]
Event: 12916.456 Thread 0x000001ac784f3800 Exception <a 'sun/nio/fs/WindowsException'{0x0000000088f58b58}> (0x0000000088f58b58) thrown at [./src/hotspot/share/prims/jni.cpp, line 615]
Event: 12916.541 Thread 0x000001ac784ed000 Exception <a 'sun/nio/fs/WindowsException'{0x0000000088b7b220}> (0x0000000088b7b220) thrown at [./src/hotspot/share/prims/jni.cpp, line 615]

Events (20 events):
Event: 12916.447 loading class com/android/tools/r8/v/b/Z0
Event: 12916.447 loading class com/android/tools/r8/v/b/Z0 done
Event: 12916.448 loading class com/android/tools/r8/v/b/v1
Event: 12916.448 loading class com/android/tools/r8/v/b/v1 done
Event: 12916.448 loading class com/android/tools/r8/v/b/v1
Event: 12916.448 loading class com/android/tools/r8/v/b/v1 done
Event: 12916.448 loading class com/android/tools/r8/v/b/v1
Event: 12916.448 loading class com/android/tools/r8/v/b/v1 done
Event: 12916.448 loading class com/android/tools/r8/v/b/v1
Event: 12916.448 loading class com/android/tools/r8/v/b/v1 done
Event: 12916.448 loading class com/android/tools/r8/v/b/v1
Event: 12916.448 loading class com/android/tools/r8/v/b/v1 done
Event: 12916.448 loading class com/android/tools/r8/v/a/t/t
Event: 12916.448 loading class com/android/tools/r8/v/a/t/t done
Event: 12916.448 loading class com/android/tools/r8/v/a/t/t
Event: 12916.448 loading class com/android/tools/r8/v/a/t/t done
Event: 12916.453 Executing VM operation: ICBufferFull
Event: 12916.454 Executing VM operation: ICBufferFull done
Event: 12916.522 Executing VM operation: BulkRevokeBias
Event: 12916.525 Executing VM operation: BulkRevokeBias done


Dynamic libraries:
0x00007ff731890000 - 0x00007ff73189a000 	C:\Program Files\Android\Android Studio\jre\bin\java.exe
0x00007ffeb3030000 - 0x00007ffeb3225000 	C:\WINDOWS\SYSTEM32\ntdll.dll
0x00007ffeb2ec0000 - 0x00007ffeb2f7d000 	C:\WINDOWS\System32\KERNEL32.DLL
0x00007ffeb0770000 - 0x00007ffeb0a38000 	C:\WINDOWS\System32\KERNELBASE.dll
0x00007ffeb0ba0000 - 0x00007ffeb0ca0000 	C:\WINDOWS\System32\ucrtbase.dll
0x00007ffe937f0000 - 0x00007ffe93809000 	C:\Program Files\Android\Android Studio\jre\bin\jli.dll
0x00007ffe92270000 - 0x00007ffe92287000 	C:\Program Files\Android\Android Studio\jre\bin\VCRUNTIME140.dll
0x00007ffeb26e0000 - 0x00007ffeb2880000 	C:\WINDOWS\System32\USER32.dll
0x00007ffeb0b10000 - 0x00007ffeb0b32000 	C:\WINDOWS\System32\win32u.dll
0x00007ffeafb30000 - 0x00007ffeafdca000 	C:\WINDOWS\WinSxS\amd64_microsoft.windows.common-controls_6595b64144ccf1df_6.0.19041.844_none_ca00b6081b84eb1d\COMCTL32.dll
0x00007ffeb2e20000 - 0x00007ffeb2ebe000 	C:\WINDOWS\System32\msvcrt.dll
0x00007ffeb24f0000 - 0x00007ffeb251a000 	C:\WINDOWS\System32\GDI32.dll
0x00007ffeb0e80000 - 0x00007ffeb0f8b000 	C:\WINDOWS\System32\gdi32full.dll
0x00007ffeb0a70000 - 0x00007ffeb0b0d000 	C:\WINDOWS\System32\msvcp_win.dll
0x00007ffeb2df0000 - 0x00007ffeb2e20000 	C:\WINDOWS\System32\IMM32.DLL
0x00007ffe73fe0000 - 0x00007ffe7407d000 	C:\Program Files\Android\Android Studio\jre\bin\msvcp140.dll
0x00007ffe6fba0000 - 0x00007ffe7065c000 	C:\Program Files\Android\Android Studio\jre\bin\server\jvm.dll
0x00007ffeb19c0000 - 0x00007ffeb1a6c000 	C:\WINDOWS\System32\ADVAPI32.dll
0x00007ffeb28e0000 - 0x00007ffeb297b000 	C:\WINDOWS\System32\sechost.dll
0x00007ffeb25b0000 - 0x00007ffeb26db000 	C:\WINDOWS\System32\RPCRT4.dll
0x00007ffeb2320000 - 0x00007ffeb2328000 	C:\WINDOWS\System32\PSAPI.DLL
0x00007ffead930000 - 0x00007ffead939000 	C:\WINDOWS\SYSTEM32\WSOCK32.dll
0x00007ffeb2f80000 - 0x00007ffeb2feb000 	C:\WINDOWS\System32\WS2_32.dll
0x00007ffea2840000 - 0x00007ffea2867000 	C:\WINDOWS\SYSTEM32\WINMM.dll
0x00007ffea4960000 - 0x00007ffea496a000 	C:\WINDOWS\SYSTEM32\VERSION.dll
0x00007ffeadf40000 - 0x00007ffeadf52000 	C:\WINDOWS\SYSTEM32\kernel.appcore.dll
0x00007ffe97560000 - 0x00007ffe97571000 	C:\Program Files\Android\Android Studio\jre\bin\verify.dll
0x00007ffeaff80000 - 0x00007ffeb0164000 	C:\WINDOWS\SYSTEM32\DBGHELP.DLL
0x00007ffeafeb0000 - 0x00007ffeafedc000 	C:\WINDOWS\SYSTEM32\dbgcore.DLL
0x00007ffeb0e00000 - 0x00007ffeb0e80000 	C:\WINDOWS\System32\bcryptPrimitives.dll
0x00007ffe91410000 - 0x00007ffe91439000 	C:\Program Files\Android\Android Studio\jre\bin\java.dll
0x00007ffeab970000 - 0x00007ffeab97b000 	C:\Program Files\Android\Android Studio\jre\bin\jimage.dll
0x00007ffe92990000 - 0x00007ffe929a8000 	C:\Program Files\Android\Android Studio\jre\bin\zip.dll
0x00007ffeb1090000 - 0x00007ffeb17d2000 	C:\WINDOWS\System32\SHELL32.dll
0x00007ffeae260000 - 0x00007ffeae9f1000 	C:\WINDOWS\SYSTEM32\windows.storage.dll
0x00007ffeb1b50000 - 0x00007ffeb1ea5000 	C:\WINDOWS\System32\combase.dll
0x00007ffeaf960000 - 0x00007ffeaf98c000 	C:\WINDOWS\SYSTEM32\Wldp.dll
0x00007ffeb1910000 - 0x00007ffeb19be000 	C:\WINDOWS\System32\SHCORE.dll
0x00007ffeb18b0000 - 0x00007ffeb1905000 	C:\WINDOWS\System32\shlwapi.dll
0x00007ffeb06b0000 - 0x00007ffeb06cf000 	C:\WINDOWS\SYSTEM32\profapi.dll
0x00007ffe913f0000 - 0x00007ffe9140a000 	C:\Program Files\Android\Android Studio\jre\bin\net.dll
0x00007ffea9190000 - 0x00007ffea929b000 	C:\WINDOWS\SYSTEM32\WINHTTP.dll
0x00007ffeaf7c0000 - 0x00007ffeaf82a000 	C:\WINDOWS\system32\mswsock.dll
0x00007ffe90d90000 - 0x00007ffe90da4000 	C:\Program Files\Android\Android Studio\jre\bin\nio.dll
0x00007ffe93580000 - 0x00007ffe935a7000 	C:\Users\Bilal\.gradle\native\fdc75f09e3144964f2cf3f50f0aa648679c211496f362492102eb8c894070792\windows-amd64\native-platform.dll
0x00007ffe6b460000 - 0x00007ffe6b5f6000 	C:\Users\Bilal\.gradle\native\12488b8bf47d2d4c9fbf2f6322a914ad602e24e48041cd04a747c6da556b65c4\windows-amd64\native-platform-file-events.dll
0x00007ffea9ad0000 - 0x00007ffea9ada000 	C:\Program Files\Android\Android Studio\jre\bin\management.dll
0x00007ffea6480000 - 0x00007ffea648c000 	C:\Program Files\Android\Android Studio\jre\bin\management_ext.dll
0x00007ffeb0430000 - 0x00007ffeb0448000 	C:\WINDOWS\SYSTEM32\CRYPTSP.dll
0x00007ffeaf1c0000 - 0x00007ffeaf1f4000 	C:\WINDOWS\system32\rsaenh.dll
0x00007ffeb0a40000 - 0x00007ffeb0a67000 	C:\WINDOWS\System32\bcrypt.dll
0x00007ffeb0620000 - 0x00007ffeb064e000 	C:\WINDOWS\SYSTEM32\USERENV.dll
0x00007ffeafa20000 - 0x00007ffeafa2c000 	C:\WINDOWS\SYSTEM32\CRYPTBASE.dll
0x00007ffeaf4f0000 - 0x00007ffeaf52b000 	C:\WINDOWS\SYSTEM32\IPHLPAPI.DLL
0x00007ffeb18a0000 - 0x00007ffeb18a8000 	C:\WINDOWS\System32\NSI.dll
0x00007ffea9140000 - 0x00007ffea9157000 	C:\WINDOWS\SYSTEM32\dhcpcsvc6.DLL
0x00007ffea90a0000 - 0x00007ffea90bd000 	C:\WINDOWS\SYSTEM32\dhcpcsvc.DLL
0x00007ffeaf530000 - 0x00007ffeaf5fc000 	C:\WINDOWS\SYSTEM32\DNSAPI.dll
0x00007ffea95c0000 - 0x00007ffea95cb000 	C:\WINDOWS\SYSTEM32\WINNSI.DLL

dbghelp: loaded successfully - version: 4.0.5 - missing functions: none
symbol engine: initialized successfully - sym options: 0x614 - pdb path: .;C:\Program Files\Android\Android Studio\jre\bin;C:\WINDOWS\SYSTEM32;C:\WINDOWS\WinSxS\amd64_microsoft.windows.common-controls_6595b64144ccf1df_6.0.19041.844_none_ca00b6081b84eb1d;C:\Program Files\Android\Android Studio\jre\bin\server;C:\Users\Bilal\.gradle\native\fdc75f09e3144964f2cf3f50f0aa648679c211496f362492102eb8c894070792\windows-amd64;C:\Users\Bilal\.gradle\native\12488b8bf47d2d4c9fbf2f6322a914ad602e24e48041cd04a747c6da556b65c4\windows-amd64

VM Arguments:
jvm_args: --add-opens=java.base/java.util=ALL-UNNAMED --add-opens=java.base/java.lang=ALL-UNNAMED --add-opens=java.base/java.lang.invoke=ALL-UNNAMED --add-opens=java.prefs/java.util.prefs=ALL-UNNAMED -Xmx2048m -Dfile.encoding=UTF-8 -Duser.country=FR -Duser.language=fr -Duser.variant 
java_command: org.gradle.launcher.daemon.bootstrap.GradleDaemon 6.7.1
java_class_path (initial): C:\Users\Bilal\.gradle\wrapper\dists\gradle-6.7.1-all\2moa8rlfac5eqlcfgk98k0deb\gradle-6.7.1\lib\gradle-launcher-6.7.1.jar
Launcher Type: SUN_STANDARD

[Global flags]
     intx CICompilerCount                          = 4                                         {product} {ergonomic}
     uint ConcGCThreads                            = 2                                         {product} {ergonomic}
     uint G1ConcRefinementThreads                  = 8                                         {product} {ergonomic}
   size_t G1HeapRegionSize                         = 1048576                                   {product} {ergonomic}
    uintx GCDrainStackTargetSize                   = 64                                        {product} {ergonomic}
   size_t InitialHeapSize                          = 134217728                                 {product} {ergonomic}
   size_t MarkStackSize                            = 4194304                                   {product} {ergonomic}
   size_t MaxHeapSize                              = 2147483648                                {product} {command line}
   size_t MaxNewSize                               = 1287651328                                {product} {ergonomic}
   size_t MinHeapDeltaBytes                        = 1048576                                   {product} {ergonomic}
    uintx NonNMethodCodeHeapSize                   = 5836300                                {pd product} {ergonomic}
    uintx NonProfiledCodeHeapSize                  = 122910970                              {pd product} {ergonomic}
    uintx ProfiledCodeHeapSize                     = 122910970                              {pd product} {ergonomic}
    uintx ReservedCodeCacheSize                    = 251658240                              {pd product} {ergonomic}
     bool SegmentedCodeCache                       = true                                      {product} {ergonomic}
     bool UseCompressedClassPointers               = true                                 {lp64_product} {ergonomic}
     bool UseCompressedOops                        = true                                 {lp64_product} {ergonomic}
     bool UseG1GC                                  = true                                      {product} {ergonomic}
     bool UseLargePagesIndividualAllocation        = false                                  {pd product} {ergonomic}

Logging:
Log output configuration:
 #0: stdout all=warning uptime,level,tags
 #1: stderr all=off uptime,level,tags

Environment Variables:
PATH=C:\Program Files (x86)\Embarcadero\Studio\20.0\bin;C:\Users\Public\Documents\Embarcadero\Studio\20.0\Bpl;C:\Program Files (x86)\Embarcadero\Studio\20.0\bin64;C:\Users\Public\Documents\Embarcadero\Studio\20.0\Bpl\Win64;C:\Program Files (x86)\Common Files\Intel\Shared Libraries\redist\intel64\compiler;C:\ProgramData\Oracle\Java\javapath;C:\Program Files (x86)\Embarcadero\Studio\18.0\bin;C:\Users\Public\Documents\Embarcadero\Studio\18.0\Bpl;C:\Program Files (x86)\Embarcadero\Studio\18.0\bin64;C:\Users\Public\Documents\Embarcadero\Studio\18.0\Bpl\Win64;C:\WINDOWS\system32;C:\WINDOWS;C:\WINDOWS\System32\Wbem;C:\WINDOWS\System32\WindowsPowerShell\v1.0\;C:\WINDOWS\System32\OpenSSH\;C:\Program Files\Microsoft SQL Server\110\DTS\Binn\;C:\Program Files (x86)\Microsoft SQL Server\110\Tools\Binn\;C:\Program Files\Microsoft SQL Server\110\Tools\Binn\;C:\Program Files (x86)\Microsoft SQL Server\110\Tools\Binn\ManagementStudio\;C:\Program Files (x86)\Microsoft Visual Studio 10.0\Common7\IDE\PrivateAssemblies\;C:\Program Files (x86)\Microsoft SQL Server\110\DTS\Binn\;C:\ProgramData\chocolatey\bin;C:\Users\Bilal\AppData\Local\ValidatorBuddy;C:\Users\Bilal\AppData\Local\Programs\Python\Python39\Scripts\;C:\Users\Bilal\AppData\Local\Programs\Python\Python39\;C:\flutter\bin;C:\tools\dart-sdk\bin;C:\Users\Bilal\AppData\Roaming\Pub\Cache\bin
USERNAME=Bilal
OS=Windows_NT
PROCESSOR_IDENTIFIER=Intel64 Family 6 Model 60 Stepping 3, GenuineIntel



---------------  S Y S T E M  ---------------

OS: Windows 10 , 64 bit Build 19041 (10.0.19041.928)
OS uptime: 1 days 4:48 hours

CPU:total 8 (initial active 8) (4 cores per cpu, 2 threads per core) family 6 model 60 stepping 3, cmov, cx8, fxsr, mmx, sse, sse2, sse3, ssse3, sse4.1, sse4.2, popcnt, avx, avx2, aes, clmul, erms, lzcnt, ht, tsc, tscinvbit, bmi1, bmi2, fma

Memory: 4k page, system-wide physical 8075M (2308M free)
TotalPageFile size 14219M (AvailPageFile size 7058M)
current process WorkingSet (physical memory assigned to process): 449M, peak: 471M
current process commit charge ("private bytes"): 524M, peak: 528M

vm_info: OpenJDK 64-Bit Server VM (11.0.8+10-b944.6842174) for windows-amd64 JRE (11.0.8+10-b944.6842174), built on Sep 19 2020 01:11:42 by "builder" with MS VC++ 14.0 (VS2015)

END.
